<?xml version="1.0" encoding="UTF-8"?>
<robot generator="Robot 7.0 (Python 3.12.1 on win32)" generated="2024-03-13T19:07:42.855600" rpa="false" schemaversion="5">
<suite id="s1" name="Tests" source="C:\azeez\QAx\SmartBit-robot\web\tests">
<suite id="s1-s1" name="Login" source="C:\azeez\QAx\SmartBit-robot\web\tests\login.robot">
<test id="s1-s1-t1" name="Deve logar como gestor de academia" line="11">
<kw name="Start session" owner="Base" type="SETUP">
<kw name="New Browser" owner="Browser">
<msg time="2024-03-13T19:07:44.700610" level="INFO">{"browser": "chromium", "headless": false, "chromiumSandbox": false, "devtools": false, "handleSIGHUP": true, "handleSIGINT": true, "handleSIGTERM": true, "slowMo": 0.0, "timeout": 30000.0, "tracesDir": "C:\\azeez\\QAx\\SmartBit-robot\\web\\logs\\browser\\traces\\f5951368-1e22-4f6e-851d-1310c0df1395"}</msg>
<msg time="2024-03-13T19:07:45.579769" level="INFO">Successfully created browser with options: {"browser":"chromium","headless":false,"chromiumSandbox":false,"devtools":false,"handleSIGHUP":true,"handleSIGINT":true,"handleSIGTERM":true,"slowMo":0,"timeout":30000,"tracesDir":"C:\\azeez\\QAx\\SmartBit-robot\\web\\logs\\browser\\traces\\f5951368-1e22-4f6e-851d-1310c0df1395"}</msg>
<arg>browser=chromium</arg>
<arg>headless=false</arg>
<tag>BrowserControl</tag>
<tag>Setter</tag>
<doc>Create a new playwright Browser with specified options.</doc>
<status status="PASS" start="2024-03-13T19:07:44.700089" elapsed="0.879680"/>
</kw>
<kw name="New Page" owner="Browser">
<msg time="2024-03-13T19:07:46.529794" level="INFO">Successfully initialized new page object and opened url: http://localhost:3000/</msg>
<msg time="2024-03-13T19:07:46.529794" level="INFO">No context was open. New context was automatically opened when this page is created.</msg>
<arg>http://localhost:3000/</arg>
<tag>BrowserControl</tag>
<tag>Setter</tag>
<doc>Open a new Page.</doc>
<status status="PASS" start="2024-03-13T19:07:45.579769" elapsed="0.951023"/>
</kw>
<status status="PASS" start="2024-03-13T19:07:44.699033" elapsed="1.831759"/>
</kw>
<kw name="Set Variable" owner="BuiltIn">
<msg time="2024-03-13T19:07:46.530792" level="INFO">${email} = sac@smartbit.com</msg>
<var>${email}</var>
<arg>sac@smartbit.com</arg>
<doc>Returns the given values which can then be assigned to a variables.</doc>
<status status="PASS" start="2024-03-13T19:07:46.530792" elapsed="0.000000"/>
</kw>
<kw name="Go to login page" owner="Login">
<kw name="Go To" owner="Browser">
<msg time="2024-03-13T19:07:46.607558" level="INFO">Successfully opened URL http://localhost:3000/login</msg>
<arg>http://localhost:3000/login</arg>
<tag>BrowserControl</tag>
<tag>Setter</tag>
<doc>Navigates to the given ``url``.</doc>
<status status="PASS" start="2024-03-13T19:07:46.531793" elapsed="0.077271"/>
</kw>
<status status="PASS" start="2024-03-13T19:07:46.531793" elapsed="0.077420"/>
</kw>
<kw name="Submit login form" owner="Login">
<kw name="Fill Text" owner="Browser">
<msg time="2024-03-13T19:07:46.610072" level="INFO">Fills the text 'sac@smartbit.com' in the given field.</msg>
<arg>css=input[name=email]</arg>
<arg>${email}</arg>
<tag>PageContent</tag>
<tag>Setter</tag>
<doc>Clears and fills the given ``txt`` into the text field found by ``selector``.</doc>
<status status="PASS" start="2024-03-13T19:07:46.610072" elapsed="0.042717"/>
</kw>
<kw name="Fill Text" owner="Browser">
<msg time="2024-03-13T19:07:46.653293" level="INFO">Fills the text 'pwd123' in the given field.</msg>
<arg>css=input[type="password"]</arg>
<arg>${pass}</arg>
<tag>PageContent</tag>
<tag>Setter</tag>
<doc>Clears and fills the given ``txt`` into the text field found by ``selector``.</doc>
<status status="PASS" start="2024-03-13T19:07:46.652789" elapsed="0.018034"/>
</kw>
<kw name="Click" owner="Browser">
<arg>css=button[type="submit"]</arg>
<tag>PageContent</tag>
<tag>Setter</tag>
<doc>Simulates mouse click on the element found by ``selector``.</doc>
<status status="PASS" start="2024-03-13T19:07:46.670823" elapsed="0.039335"/>
</kw>
<arg>${email}</arg>
<arg>pwd123</arg>
<status status="PASS" start="2024-03-13T19:07:46.609213" elapsed="0.100945"/>
</kw>
<kw name="User is logged in" owner="Navbar">
<kw name="Set Variable" owner="BuiltIn">
<msg time="2024-03-13T19:07:46.711158" level="INFO">${element} = css=.logged-user</msg>
<var>${element}</var>
<arg>css=.logged-user</arg>
<doc>Returns the given values which can then be assigned to a variables.</doc>
<status status="PASS" start="2024-03-13T19:07:46.711158" elapsed="0.000000"/>
</kw>
<kw name="Wait For Elements State" owner="Browser">
<msg time="2024-03-13T19:07:48.064196" level="INFO">Waited for Element with selector css=.logged-user at state visible</msg>
<arg>${element}</arg>
<arg>visible</arg>
<arg>5</arg>
<tag>PageContent</tag>
<tag>Wait</tag>
<doc>Waits for the element found by ``selector`` to satisfy state option.</doc>
<status status="PASS" start="2024-03-13T19:07:46.711158" elapsed="1.353038"/>
</kw>
<kw name="Get Text" owner="Browser">
<msg time="2024-03-13T19:07:48.101989" level="INFO">Text: 'sac@smartbit.com'</msg>
<arg>${element}</arg>
<arg>equal</arg>
<arg>${email}</arg>
<tag>Assertion</tag>
<tag>Getter</tag>
<tag>PageContent</tag>
<doc>Returns text attribute of the element found by ``selector``.</doc>
<status status="PASS" start="2024-03-13T19:07:48.064196" elapsed="0.038794"/>
</kw>
<arg>${email}</arg>
<status status="PASS" start="2024-03-13T19:07:46.711158" elapsed="1.391832"/>
</kw>
<kw name="Take Screenshot" owner="Browser" type="TEARDOWN">
<msg time="2024-03-13T19:07:48.182970" level="INFO" html="true">&lt;/td&gt;&lt;/tr&gt;&lt;tr&gt;&lt;td colspan="3"&gt;&lt;a href="browser/screenshot/robotframework-browser-screenshot-1.png" target="_blank"&gt;&lt;img src="browser/screenshot/robotframework-browser-screenshot-1.png" width="800px"/&gt;&lt;/a&gt;</msg>
<tag>PageContent</tag>
<doc>Takes a screenshot of the current window or element and saves it to disk.</doc>
<status status="PASS" start="2024-03-13T19:07:48.102990" elapsed="0.079980"/>
</kw>
<status status="PASS" start="2024-03-13T19:07:44.695463" elapsed="3.488658"/>
</test>
<test id="s1-s1-t2" name="Não deve logar com senha incorreta" line="19">
<kw name="Start session" owner="Base" type="SETUP">
<kw name="New Browser" owner="Browser">
<msg time="2024-03-13T19:07:48.249158" level="INFO">Switching browser to browser=bbea0e46-ac9c-4dda-af70-bb3695dc0c26</msg>
<msg time="2024-03-13T19:07:48.251158" level="INFO">Successfully changed active browser: browser=bbea0e46-ac9c-4dda-af70-bb3695dc0c26</msg>
<msg time="2024-03-13T19:07:48.251158" level="INFO">Reusing existing browser with id: browser=bbea0e46-ac9c-4dda-af70-bb3695dc0c26</msg>
<arg>browser=chromium</arg>
<arg>headless=false</arg>
<tag>BrowserControl</tag>
<tag>Setter</tag>
<doc>Create a new playwright Browser with specified options.</doc>
<status status="PASS" start="2024-03-13T19:07:48.249158" elapsed="0.002000"/>
</kw>
<kw name="New Page" owner="Browser">
<msg time="2024-03-13T19:07:49.068732" level="INFO">Successfully initialized new page object and opened url: http://localhost:3000/</msg>
<msg time="2024-03-13T19:07:49.068732" level="INFO">No context was open. New context was automatically opened when this page is created.</msg>
<arg>http://localhost:3000/</arg>
<tag>BrowserControl</tag>
<tag>Setter</tag>
<doc>Open a new Page.</doc>
<status status="PASS" start="2024-03-13T19:07:48.251158" elapsed="0.817574"/>
</kw>
<status status="PASS" start="2024-03-13T19:07:48.249158" elapsed="0.820573"/>
</kw>
<kw name="Go to login page" owner="Login">
<kw name="Go To" owner="Browser">
<msg time="2024-03-13T19:07:49.166376" level="INFO">Successfully opened URL http://localhost:3000/login</msg>
<arg>http://localhost:3000/login</arg>
<tag>BrowserControl</tag>
<tag>Setter</tag>
<doc>Navigates to the given ``url``.</doc>
<status status="PASS" start="2024-03-13T19:07:49.069731" elapsed="0.097644"/>
</kw>
<status status="PASS" start="2024-03-13T19:07:49.069731" elapsed="0.097644"/>
</kw>
<kw name="Submit login form" owner="Login">
<kw name="Fill Text" owner="Browser">
<msg time="2024-03-13T19:07:49.168379" level="INFO">Fills the text 'sac@smartbit.com' in the given field.</msg>
<arg>css=input[name=email]</arg>
<arg>${email}</arg>
<tag>PageContent</tag>
<tag>Setter</tag>
<doc>Clears and fills the given ``txt`` into the text field found by ``selector``.</doc>
<status status="PASS" start="2024-03-13T19:07:49.167375" elapsed="0.033541"/>
</kw>
<kw name="Fill Text" owner="Browser">
<msg time="2024-03-13T19:07:49.201918" level="INFO">Fills the text 'SenhaIncorreta' in the given field.</msg>
<arg>css=input[type="password"]</arg>
<arg>${pass}</arg>
<tag>PageContent</tag>
<tag>Setter</tag>
<doc>Clears and fills the given ``txt`` into the text field found by ``selector``.</doc>
<status status="PASS" start="2024-03-13T19:07:49.200916" elapsed="0.013051"/>
</kw>
<kw name="Click" owner="Browser">
<arg>css=button[type="submit"]</arg>
<tag>PageContent</tag>
<tag>Setter</tag>
<doc>Simulates mouse click on the element found by ``selector``.</doc>
<status status="PASS" start="2024-03-13T19:07:49.214969" elapsed="0.027755"/>
</kw>
<arg>sac@smartbit.com</arg>
<arg>SenhaIncorreta</arg>
<status status="PASS" start="2024-03-13T19:07:49.167375" elapsed="0.075349"/>
</kw>
<kw name="Toast should be" owner="Toast">
<kw name="Set Variable" owner="BuiltIn">
<msg time="2024-03-13T19:07:49.242724" level="INFO">${element} = .Toastify__toast-body</msg>
<var>${element}</var>
<arg>.Toastify__toast-body</arg>
<doc>Returns the given values which can then be assigned to a variables.</doc>
<status status="PASS" start="2024-03-13T19:07:49.242724" elapsed="0.000000"/>
</kw>
<kw name="Wait For Elements State" owner="Browser">
<msg time="2024-03-13T19:07:50.589782" level="INFO">Waited for Element with selector css=.Toastify__toast-body at state visible</msg>
<arg>css=${element}</arg>
<arg>visible</arg>
<arg>5</arg>
<tag>PageContent</tag>
<tag>Wait</tag>
<doc>Waits for the element found by ``selector`` to satisfy state option.</doc>
<status status="PASS" start="2024-03-13T19:07:49.242724" elapsed="1.347058"/>
</kw>
<kw name="Get Text" owner="Browser">
<msg time="2024-03-13T19:07:50.607634" level="INFO">Text: 'As credenciais de acesso fornecidas são inválidas. Tente novamente!'</msg>
<arg>css=${element}</arg>
<arg>equal</arg>
<arg>${expected_text}</arg>
<tag>Assertion</tag>
<tag>Getter</tag>
<tag>PageContent</tag>
<doc>Returns text attribute of the element found by ``selector``.</doc>
<status status="PASS" start="2024-03-13T19:07:50.590782" elapsed="0.016852"/>
</kw>
<kw name="Take Screenshot" owner="Browser">
<msg time="2024-03-13T19:07:50.690601" level="INFO" html="true">&lt;/td&gt;&lt;/tr&gt;&lt;tr&gt;&lt;td colspan="3"&gt;&lt;a href="browser/screenshot/css%3D.Toastify__toast-body.png" target="_blank"&gt;&lt;img src="browser/screenshot/css%3D.Toastify__toast-body.png" width="800px"/&gt;&lt;/a&gt;</msg>
<arg>css=${element}</arg>
<tag>PageContent</tag>
<doc>Takes a screenshot of the current window or element and saves it to disk.</doc>
<status status="PASS" start="2024-03-13T19:07:50.607634" elapsed="0.082967"/>
</kw>
<arg>As credenciais de acesso fornecidas são inválidas. Tente novamente!</arg>
<status status="PASS" start="2024-03-13T19:07:49.242724" elapsed="1.447877"/>
</kw>
<kw name="Take Screenshot" owner="Browser" type="TEARDOWN">
<msg time="2024-03-13T19:07:50.762591" level="INFO" html="true">&lt;/td&gt;&lt;/tr&gt;&lt;tr&gt;&lt;td colspan="3"&gt;&lt;a href="browser/screenshot/robotframework-browser-screenshot-2.png" target="_blank"&gt;&lt;img src="browser/screenshot/robotframework-browser-screenshot-2.png" width="800px"/&gt;&lt;/a&gt;</msg>
<tag>PageContent</tag>
<doc>Takes a screenshot of the current window or element and saves it to disk.</doc>
<status status="PASS" start="2024-03-13T19:07:50.691601" elapsed="0.070990"/>
</kw>
<tag>inv_pass</tag>
<status status="PASS" start="2024-03-13T19:07:48.246157" elapsed="2.516434"/>
</test>
<test id="s1-s1-t3" name="Não deve logar com email não cadastrado" line="26">
<kw name="Start session" owner="Base" type="SETUP">
<kw name="New Browser" owner="Browser">
<msg time="2024-03-13T19:07:50.822962" level="INFO">Switching browser to browser=bbea0e46-ac9c-4dda-af70-bb3695dc0c26</msg>
<msg time="2024-03-13T19:07:50.825480" level="INFO">Successfully changed active browser: browser=bbea0e46-ac9c-4dda-af70-bb3695dc0c26</msg>
<msg time="2024-03-13T19:07:50.826480" level="INFO">Reusing existing browser with id: browser=bbea0e46-ac9c-4dda-af70-bb3695dc0c26</msg>
<arg>browser=chromium</arg>
<arg>headless=false</arg>
<tag>BrowserControl</tag>
<tag>Setter</tag>
<doc>Create a new playwright Browser with specified options.</doc>
<status status="PASS" start="2024-03-13T19:07:50.821964" elapsed="0.004516"/>
</kw>
<kw name="New Page" owner="Browser">
<msg time="2024-03-13T19:07:51.585578" level="INFO">Successfully initialized new page object and opened url: http://localhost:3000/</msg>
<msg time="2024-03-13T19:07:51.585578" level="INFO">No context was open. New context was automatically opened when this page is created.</msg>
<arg>http://localhost:3000/</arg>
<tag>BrowserControl</tag>
<tag>Setter</tag>
<doc>Open a new Page.</doc>
<status status="PASS" start="2024-03-13T19:07:50.826480" elapsed="0.759098"/>
</kw>
<status status="PASS" start="2024-03-13T19:07:50.821964" elapsed="0.763614"/>
</kw>
<kw name="Go to login page" owner="Login">
<kw name="Go To" owner="Browser">
<msg time="2024-03-13T19:07:51.659534" level="INFO">Successfully opened URL http://localhost:3000/login</msg>
<arg>http://localhost:3000/login</arg>
<tag>BrowserControl</tag>
<tag>Setter</tag>
<doc>Navigates to the given ``url``.</doc>
<status status="PASS" start="2024-03-13T19:07:51.586575" elapsed="0.072959"/>
</kw>
<status status="PASS" start="2024-03-13T19:07:51.585578" elapsed="0.073956"/>
</kw>
<kw name="Submit login form" owner="Login">
<kw name="Fill Text" owner="Browser">
<msg time="2024-03-13T19:07:51.660534" level="INFO">Fills the text '404@smartbit.com' in the given field.</msg>
<arg>css=input[name=email]</arg>
<arg>${email}</arg>
<tag>PageContent</tag>
<tag>Setter</tag>
<doc>Clears and fills the given ``txt`` into the text field found by ``selector``.</doc>
<status status="PASS" start="2024-03-13T19:07:51.660534" elapsed="0.031225"/>
</kw>
<kw name="Fill Text" owner="Browser">
<msg time="2024-03-13T19:07:51.693269" level="INFO">Fills the text 'SenhaIncorreta' in the given field.</msg>
<arg>css=input[type="password"]</arg>
<arg>${pass}</arg>
<tag>PageContent</tag>
<tag>Setter</tag>
<doc>Clears and fills the given ``txt`` into the text field found by ``selector``.</doc>
<status status="PASS" start="2024-03-13T19:07:51.691759" elapsed="0.014029"/>
</kw>
<kw name="Click" owner="Browser">
<arg>css=button[type="submit"]</arg>
<tag>PageContent</tag>
<tag>Setter</tag>
<doc>Simulates mouse click on the element found by ``selector``.</doc>
<status status="PASS" start="2024-03-13T19:07:51.705788" elapsed="0.027193"/>
</kw>
<arg>404@smartbit.com</arg>
<arg>SenhaIncorreta</arg>
<status status="PASS" start="2024-03-13T19:07:51.659534" elapsed="0.073447"/>
</kw>
<kw name="Toast should be" owner="Toast">
<kw name="Set Variable" owner="BuiltIn">
<msg time="2024-03-13T19:07:51.734423" level="INFO">${element} = .Toastify__toast-body</msg>
<var>${element}</var>
<arg>.Toastify__toast-body</arg>
<doc>Returns the given values which can then be assigned to a variables.</doc>
<status status="PASS" start="2024-03-13T19:07:51.734423" elapsed="0.000000"/>
</kw>
<kw name="Wait For Elements State" owner="Browser">
<msg time="2024-03-13T19:07:53.078559" level="INFO">Waited for Element with selector css=.Toastify__toast-body at state visible</msg>
<arg>css=${element}</arg>
<arg>visible</arg>
<arg>5</arg>
<tag>PageContent</tag>
<tag>Wait</tag>
<doc>Waits for the element found by ``selector`` to satisfy state option.</doc>
<status status="PASS" start="2024-03-13T19:07:51.734423" elapsed="1.344136"/>
</kw>
<kw name="Get Text" owner="Browser">
<msg time="2024-03-13T19:07:53.097557" level="INFO">Text: 'As credenciais de acesso fornecidas são inválidas. Tente novamente!'</msg>
<arg>css=${element}</arg>
<arg>equal</arg>
<arg>${expected_text}</arg>
<tag>Assertion</tag>
<tag>Getter</tag>
<tag>PageContent</tag>
<doc>Returns text attribute of the element found by ``selector``.</doc>
<status status="PASS" start="2024-03-13T19:07:53.078559" elapsed="0.018998"/>
</kw>
<kw name="Take Screenshot" owner="Browser">
<msg time="2024-03-13T19:07:53.174128" level="INFO" html="true">&lt;/td&gt;&lt;/tr&gt;&lt;tr&gt;&lt;td colspan="3"&gt;&lt;a href="browser/screenshot/css%3D.Toastify__toast-body.png" target="_blank"&gt;&lt;img src="browser/screenshot/css%3D.Toastify__toast-body.png" width="800px"/&gt;&lt;/a&gt;</msg>
<arg>css=${element}</arg>
<tag>PageContent</tag>
<doc>Takes a screenshot of the current window or element and saves it to disk.</doc>
<status status="PASS" start="2024-03-13T19:07:53.098558" elapsed="0.076574"/>
</kw>
<arg>As credenciais de acesso fornecidas são inválidas. Tente novamente!</arg>
<status status="PASS" start="2024-03-13T19:07:51.734423" elapsed="1.440709"/>
</kw>
<kw name="Take Screenshot" owner="Browser" type="TEARDOWN">
<msg time="2024-03-13T19:07:53.246860" level="INFO" html="true">&lt;/td&gt;&lt;/tr&gt;&lt;tr&gt;&lt;td colspan="3"&gt;&lt;a href="browser/screenshot/robotframework-browser-screenshot-3.png" target="_blank"&gt;&lt;img src="browser/screenshot/robotframework-browser-screenshot-3.png" width="800px"/&gt;&lt;/a&gt;</msg>
<tag>PageContent</tag>
<doc>Takes a screenshot of the current window or element and saves it to disk.</doc>
<status status="PASS" start="2024-03-13T19:07:53.175132" elapsed="0.071728"/>
</kw>
<tag>404email</tag>
<status status="PASS" start="2024-03-13T19:07:50.817963" elapsed="2.429895"/>
</test>
<test id="s1-s1-t4" name="Tentativa de login com dados incorretos" line="33">
<kw name="Start session" owner="Base" type="SETUP">
<kw name="New Browser" owner="Browser">
<msg time="2024-03-13T19:07:53.304753" level="INFO">Switching browser to browser=bbea0e46-ac9c-4dda-af70-bb3695dc0c26</msg>
<msg time="2024-03-13T19:07:53.306752" level="INFO">Successfully changed active browser: browser=bbea0e46-ac9c-4dda-af70-bb3695dc0c26</msg>
<msg time="2024-03-13T19:07:53.306752" level="INFO">Reusing existing browser with id: browser=bbea0e46-ac9c-4dda-af70-bb3695dc0c26</msg>
<arg>browser=chromium</arg>
<arg>headless=false</arg>
<tag>BrowserControl</tag>
<tag>Setter</tag>
<doc>Create a new playwright Browser with specified options.</doc>
<status status="PASS" start="2024-03-13T19:07:53.304753" elapsed="0.001999"/>
</kw>
<kw name="New Page" owner="Browser">
<msg time="2024-03-13T19:07:54.111264" level="INFO">Successfully initialized new page object and opened url: http://localhost:3000/</msg>
<msg time="2024-03-13T19:07:54.111264" level="INFO">No context was open. New context was automatically opened when this page is created.</msg>
<arg>http://localhost:3000/</arg>
<tag>BrowserControl</tag>
<tag>Setter</tag>
<doc>Open a new Page.</doc>
<status status="PASS" start="2024-03-13T19:07:53.306752" elapsed="0.804512"/>
</kw>
<status status="PASS" start="2024-03-13T19:07:53.303754" elapsed="0.807510"/>
</kw>
<kw name="Login with verify notice">
<kw name="Go to login page" owner="Login">
<kw name="Go To" owner="Browser">
<msg time="2024-03-13T19:07:54.194845" level="INFO">Successfully opened URL http://localhost:3000/login</msg>
<arg>http://localhost:3000/login</arg>
<tag>BrowserControl</tag>
<tag>Setter</tag>
<doc>Navigates to the given ``url``.</doc>
<status status="PASS" start="2024-03-13T19:07:54.112769" elapsed="0.082076"/>
</kw>
<status status="PASS" start="2024-03-13T19:07:54.112769" elapsed="0.082076"/>
</kw>
<kw name="Submit login form" owner="Login">
<kw name="Fill Text" owner="Browser">
<msg time="2024-03-13T19:07:54.195846" level="INFO">Fills the text '' in the given field.</msg>
<arg>css=input[name=email]</arg>
<arg>${email}</arg>
<tag>PageContent</tag>
<tag>Setter</tag>
<doc>Clears and fills the given ``txt`` into the text field found by ``selector``.</doc>
<status status="PASS" start="2024-03-13T19:07:54.195846" elapsed="0.035077"/>
</kw>
<kw name="Fill Text" owner="Browser">
<msg time="2024-03-13T19:07:54.231922" level="INFO">Fills the text '' in the given field.</msg>
<arg>css=input[type="password"]</arg>
<arg>${pass}</arg>
<tag>PageContent</tag>
<tag>Setter</tag>
<doc>Clears and fills the given ``txt`` into the text field found by ``selector``.</doc>
<status status="PASS" start="2024-03-13T19:07:54.230923" elapsed="0.014562"/>
</kw>
<kw name="Click" owner="Browser">
<arg>css=button[type="submit"]</arg>
<tag>PageContent</tag>
<tag>Setter</tag>
<doc>Simulates mouse click on the element found by ``selector``.</doc>
<status status="PASS" start="2024-03-13T19:07:54.245485" elapsed="0.034061"/>
</kw>
<arg>${email}</arg>
<arg>${pass}</arg>
<status status="PASS" start="2024-03-13T19:07:54.194845" elapsed="0.085702"/>
</kw>
<kw name="Notice should be" owner="BoxNotice">
<kw name="Set Variable" owner="BuiltIn">
<msg time="2024-03-13T19:07:54.281547" level="INFO">${element} = css=form .notice</msg>
<var>${element}</var>
<arg>css=form .notice</arg>
<doc>Returns the given values which can then be assigned to a variables.</doc>
<status status="PASS" start="2024-03-13T19:07:54.280547" elapsed="0.001000"/>
</kw>
<kw name="Wait For Elements State" owner="Browser">
<msg time="2024-03-13T19:07:54.608331" level="INFO">Waited for Element with selector css=form .notice at state visible</msg>
<arg>${element}</arg>
<arg>visible</arg>
<arg>5</arg>
<tag>PageContent</tag>
<tag>Wait</tag>
<doc>Waits for the element found by ``selector`` to satisfy state option.</doc>
<status status="PASS" start="2024-03-13T19:07:54.281547" elapsed="0.326784"/>
</kw>
<kw name="Get Text" owner="Browser">
<msg time="2024-03-13T19:07:54.625348" level="INFO">Text: 'Os campos email e senha são obrigatórios.'</msg>
<arg>${element}</arg>
<arg>equal</arg>
<arg>${target}</arg>
<tag>Assertion</tag>
<tag>Getter</tag>
<tag>PageContent</tag>
<doc>Returns text attribute of the element found by ``selector``.</doc>
<status status="PASS" start="2024-03-13T19:07:54.608331" elapsed="0.018019"/>
</kw>
<arg>${output_message}</arg>
<status status="PASS" start="2024-03-13T19:07:54.280547" elapsed="0.345803"/>
</kw>
<arg>${EMPTY}</arg>
<arg>${EMPTY}</arg>
<arg>Os campos email e senha são obrigatórios.</arg>
<status status="PASS" start="2024-03-13T19:07:54.111264" elapsed="0.515086"/>
</kw>
<kw name="Login with verify notice">
<kw name="Go to login page" owner="Login">
<kw name="Go To" owner="Browser">
<msg time="2024-03-13T19:07:54.679603" level="INFO">Successfully opened URL http://localhost:3000/login</msg>
<arg>http://localhost:3000/login</arg>
<tag>BrowserControl</tag>
<tag>Setter</tag>
<doc>Navigates to the given ``url``.</doc>
<status status="PASS" start="2024-03-13T19:07:54.627348" elapsed="0.052255"/>
</kw>
<status status="PASS" start="2024-03-13T19:07:54.627348" elapsed="0.052255"/>
</kw>
<kw name="Submit login form" owner="Login">
<kw name="Fill Text" owner="Browser">
<msg time="2024-03-13T19:07:54.681602" level="INFO">Fills the text '' in the given field.</msg>
<arg>css=input[name=email]</arg>
<arg>${email}</arg>
<tag>PageContent</tag>
<tag>Setter</tag>
<doc>Clears and fills the given ``txt`` into the text field found by ``selector``.</doc>
<status status="PASS" start="2024-03-13T19:07:54.680600" elapsed="0.020028"/>
</kw>
<kw name="Fill Text" owner="Browser">
<msg time="2024-03-13T19:07:54.701626" level="INFO">Fills the text 'pwd123' in the given field.</msg>
<arg>css=input[type="password"]</arg>
<arg>${pass}</arg>
<tag>PageContent</tag>
<tag>Setter</tag>
<doc>Clears and fills the given ``txt`` into the text field found by ``selector``.</doc>
<status status="PASS" start="2024-03-13T19:07:54.700628" elapsed="0.014019"/>
</kw>
<kw name="Click" owner="Browser">
<arg>css=button[type="submit"]</arg>
<tag>PageContent</tag>
<tag>Setter</tag>
<doc>Simulates mouse click on the element found by ``selector``.</doc>
<status status="PASS" start="2024-03-13T19:07:54.714647" elapsed="0.019136"/>
</kw>
<arg>${email}</arg>
<arg>${pass}</arg>
<status status="PASS" start="2024-03-13T19:07:54.679603" elapsed="0.054180"/>
</kw>
<kw name="Notice should be" owner="BoxNotice">
<kw name="Set Variable" owner="BuiltIn">
<msg time="2024-03-13T19:07:54.734789" level="INFO">${element} = css=form .notice</msg>
<var>${element}</var>
<arg>css=form .notice</arg>
<doc>Returns the given values which can then be assigned to a variables.</doc>
<status status="PASS" start="2024-03-13T19:07:54.734789" elapsed="0.000000"/>
</kw>
<kw name="Wait For Elements State" owner="Browser">
<msg time="2024-03-13T19:07:55.059468" level="INFO">Waited for Element with selector css=form .notice at state visible</msg>
<arg>${element}</arg>
<arg>visible</arg>
<arg>5</arg>
<tag>PageContent</tag>
<tag>Wait</tag>
<doc>Waits for the element found by ``selector`` to satisfy state option.</doc>
<status status="PASS" start="2024-03-13T19:07:54.734789" elapsed="0.324679"/>
</kw>
<kw name="Get Text" owner="Browser">
<msg time="2024-03-13T19:07:55.077492" level="INFO">Text: 'Os campos email e senha são obrigatórios.'</msg>
<arg>${element}</arg>
<arg>equal</arg>
<arg>${target}</arg>
<tag>Assertion</tag>
<tag>Getter</tag>
<tag>PageContent</tag>
<doc>Returns text attribute of the element found by ``selector``.</doc>
<status status="PASS" start="2024-03-13T19:07:55.059468" elapsed="0.019027"/>
</kw>
<arg>${output_message}</arg>
<status status="PASS" start="2024-03-13T19:07:54.734789" elapsed="0.343706"/>
</kw>
<arg>${EMPTY}</arg>
<arg>pwd123</arg>
<arg>Os campos email e senha são obrigatórios.</arg>
<status status="PASS" start="2024-03-13T19:07:54.626350" elapsed="0.452145"/>
</kw>
<kw name="Login with verify notice">
<kw name="Go to login page" owner="Login">
<kw name="Go To" owner="Browser">
<msg time="2024-03-13T19:07:55.129051" level="INFO">Successfully opened URL http://localhost:3000/login</msg>
<arg>http://localhost:3000/login</arg>
<tag>BrowserControl</tag>
<tag>Setter</tag>
<doc>Navigates to the given ``url``.</doc>
<status status="PASS" start="2024-03-13T19:07:55.079491" elapsed="0.049560"/>
</kw>
<status status="PASS" start="2024-03-13T19:07:55.079491" elapsed="0.049560"/>
</kw>
<kw name="Submit login form" owner="Login">
<kw name="Fill Text" owner="Browser">
<msg time="2024-03-13T19:07:55.130054" level="INFO">Fills the text 'sac@smartbit.com' in the given field.</msg>
<arg>css=input[name=email]</arg>
<arg>${email}</arg>
<tag>PageContent</tag>
<tag>Setter</tag>
<doc>Clears and fills the given ``txt`` into the text field found by ``selector``.</doc>
<status status="PASS" start="2024-03-13T19:07:55.130054" elapsed="0.022550"/>
</kw>
<kw name="Fill Text" owner="Browser">
<msg time="2024-03-13T19:07:55.154780" level="INFO">Fills the text '' in the given field.</msg>
<arg>css=input[type="password"]</arg>
<arg>${pass}</arg>
<tag>PageContent</tag>
<tag>Setter</tag>
<doc>Clears and fills the given ``txt`` into the text field found by ``selector``.</doc>
<status status="PASS" start="2024-03-13T19:07:55.152604" elapsed="0.012430"/>
</kw>
<kw name="Click" owner="Browser">
<arg>css=button[type="submit"]</arg>
<tag>PageContent</tag>
<tag>Setter</tag>
<doc>Simulates mouse click on the element found by ``selector``.</doc>
<status status="PASS" start="2024-03-13T19:07:55.165034" elapsed="0.026822"/>
</kw>
<arg>${email}</arg>
<arg>${pass}</arg>
<status status="PASS" start="2024-03-13T19:07:55.130054" elapsed="0.062802"/>
</kw>
<kw name="Notice should be" owner="BoxNotice">
<kw name="Set Variable" owner="BuiltIn">
<msg time="2024-03-13T19:07:55.193361" level="INFO">${element} = css=form .notice</msg>
<var>${element}</var>
<arg>css=form .notice</arg>
<doc>Returns the given values which can then be assigned to a variables.</doc>
<status status="PASS" start="2024-03-13T19:07:55.192856" elapsed="0.000505"/>
</kw>
<kw name="Wait For Elements State" owner="Browser">
<msg time="2024-03-13T19:07:55.513709" level="INFO">Waited for Element with selector css=form .notice at state visible</msg>
<arg>${element}</arg>
<arg>visible</arg>
<arg>5</arg>
<tag>PageContent</tag>
<tag>Wait</tag>
<doc>Waits for the element found by ``selector`` to satisfy state option.</doc>
<status status="PASS" start="2024-03-13T19:07:55.193361" elapsed="0.320348"/>
</kw>
<kw name="Get Text" owner="Browser">
<msg time="2024-03-13T19:07:55.536708" level="INFO">Text: 'Os campos email e senha são obrigatórios.'</msg>
<arg>${element}</arg>
<arg>equal</arg>
<arg>${target}</arg>
<tag>Assertion</tag>
<tag>Getter</tag>
<tag>PageContent</tag>
<doc>Returns text attribute of the element found by ``selector``.</doc>
<status status="PASS" start="2024-03-13T19:07:55.514716" elapsed="0.022993"/>
</kw>
<arg>${output_message}</arg>
<status status="PASS" start="2024-03-13T19:07:55.192856" elapsed="0.344853"/>
</kw>
<arg>sac@smartbit.com</arg>
<arg>${EMPTY}</arg>
<arg>Os campos email e senha são obrigatórios.</arg>
<status status="PASS" start="2024-03-13T19:07:55.078495" elapsed="0.459214"/>
</kw>
<kw name="Login with verify notice">
<kw name="Go to login page" owner="Login">
<kw name="Go To" owner="Browser">
<msg time="2024-03-13T19:07:55.595540" level="INFO">Successfully opened URL http://localhost:3000/login</msg>
<arg>http://localhost:3000/login</arg>
<tag>BrowserControl</tag>
<tag>Setter</tag>
<doc>Navigates to the given ``url``.</doc>
<status status="PASS" start="2024-03-13T19:07:55.538706" elapsed="0.056834"/>
</kw>
<status status="PASS" start="2024-03-13T19:07:55.538706" elapsed="0.056834"/>
</kw>
<kw name="Submit login form" owner="Login">
<kw name="Fill Text" owner="Browser">
<msg time="2024-03-13T19:07:55.597519" level="INFO">Fills the text 'www.teste.com.br' in the given field.</msg>
<arg>css=input[name=email]</arg>
<arg>${email}</arg>
<tag>PageContent</tag>
<tag>Setter</tag>
<doc>Clears and fills the given ``txt`` into the text field found by ``selector``.</doc>
<status status="PASS" start="2024-03-13T19:07:55.596521" elapsed="0.028145"/>
</kw>
<kw name="Fill Text" owner="Browser">
<msg time="2024-03-13T19:07:55.624666" level="INFO">Fills the text 'pwd123' in the given field.</msg>
<arg>css=input[type="password"]</arg>
<arg>${pass}</arg>
<tag>PageContent</tag>
<tag>Setter</tag>
<doc>Clears and fills the given ``txt`` into the text field found by ``selector``.</doc>
<status status="PASS" start="2024-03-13T19:07:55.624666" elapsed="0.019043"/>
</kw>
<kw name="Click" owner="Browser">
<arg>css=button[type="submit"]</arg>
<tag>PageContent</tag>
<tag>Setter</tag>
<doc>Simulates mouse click on the element found by ``selector``.</doc>
<status status="PASS" start="2024-03-13T19:07:55.643945" elapsed="0.029908"/>
</kw>
<arg>${email}</arg>
<arg>${pass}</arg>
<status status="PASS" start="2024-03-13T19:07:55.596521" elapsed="0.077332"/>
</kw>
<kw name="Notice should be" owner="BoxNotice">
<kw name="Set Variable" owner="BuiltIn">
<msg time="2024-03-13T19:07:55.674879" level="INFO">${element} = css=form .notice</msg>
<var>${element}</var>
<arg>css=form .notice</arg>
<doc>Returns the given values which can then be assigned to a variables.</doc>
<status status="PASS" start="2024-03-13T19:07:55.674879" elapsed="0.000000"/>
</kw>
<kw name="Wait For Elements State" owner="Browser">
<msg time="2024-03-13T19:07:55.994013" level="INFO">Waited for Element with selector css=form .notice at state visible</msg>
<arg>${element}</arg>
<arg>visible</arg>
<arg>5</arg>
<tag>PageContent</tag>
<tag>Wait</tag>
<doc>Waits for the element found by ``selector`` to satisfy state option.</doc>
<status status="PASS" start="2024-03-13T19:07:55.675428" elapsed="0.318585"/>
</kw>
<kw name="Get Text" owner="Browser">
<msg time="2024-03-13T19:07:56.014431" level="INFO">Text: 'Oops! O email informado é inválido'</msg>
<arg>${element}</arg>
<arg>equal</arg>
<arg>${target}</arg>
<tag>Assertion</tag>
<tag>Getter</tag>
<tag>PageContent</tag>
<doc>Returns text attribute of the element found by ``selector``.</doc>
<status status="PASS" start="2024-03-13T19:07:55.994013" elapsed="0.020418"/>
</kw>
<arg>${output_message}</arg>
<status status="PASS" start="2024-03-13T19:07:55.674359" elapsed="0.340072"/>
</kw>
<arg>www.teste.com.br</arg>
<arg>pwd123</arg>
<arg>Oops! O email informado é inválido</arg>
<status status="PASS" start="2024-03-13T19:07:55.537709" elapsed="0.476722"/>
</kw>
<kw name="Login with verify notice">
<kw name="Go to login page" owner="Login">
<kw name="Go To" owner="Browser">
<msg time="2024-03-13T19:07:56.067552" level="INFO">Successfully opened URL http://localhost:3000/login</msg>
<arg>http://localhost:3000/login</arg>
<tag>BrowserControl</tag>
<tag>Setter</tag>
<doc>Navigates to the given ``url``.</doc>
<status status="PASS" start="2024-03-13T19:07:56.015431" elapsed="0.052121"/>
</kw>
<status status="PASS" start="2024-03-13T19:07:56.015431" elapsed="0.052121"/>
</kw>
<kw name="Submit login form" owner="Login">
<kw name="Fill Text" owner="Browser">
<msg time="2024-03-13T19:07:56.069281" level="INFO">Fills the text 'emailRuim%mail.com' in the given field.</msg>
<arg>css=input[name=email]</arg>
<arg>${email}</arg>
<tag>PageContent</tag>
<tag>Setter</tag>
<doc>Clears and fills the given ``txt`` into the text field found by ``selector``.</doc>
<status status="PASS" start="2024-03-13T19:07:56.068707" elapsed="0.022165"/>
</kw>
<kw name="Fill Text" owner="Browser">
<msg time="2024-03-13T19:07:56.091876" level="INFO">Fills the text 'pwd123' in the given field.</msg>
<arg>css=input[type="password"]</arg>
<arg>${pass}</arg>
<tag>PageContent</tag>
<tag>Setter</tag>
<doc>Clears and fills the given ``txt`` into the text field found by ``selector``.</doc>
<status status="PASS" start="2024-03-13T19:07:56.091876" elapsed="0.011571"/>
</kw>
<kw name="Click" owner="Browser">
<arg>css=button[type="submit"]</arg>
<tag>PageContent</tag>
<tag>Setter</tag>
<doc>Simulates mouse click on the element found by ``selector``.</doc>
<status status="PASS" start="2024-03-13T19:07:56.104459" elapsed="0.024086"/>
</kw>
<arg>${email}</arg>
<arg>${pass}</arg>
<status status="PASS" start="2024-03-13T19:07:56.068554" elapsed="0.059991"/>
</kw>
<kw name="Notice should be" owner="BoxNotice">
<kw name="Set Variable" owner="BuiltIn">
<msg time="2024-03-13T19:07:56.128545" level="INFO">${element} = css=form .notice</msg>
<var>${element}</var>
<arg>css=form .notice</arg>
<doc>Returns the given values which can then be assigned to a variables.</doc>
<status status="PASS" start="2024-03-13T19:07:56.128545" elapsed="0.001000"/>
</kw>
<kw name="Wait For Elements State" owner="Browser">
<msg time="2024-03-13T19:07:56.442499" level="INFO">Waited for Element with selector css=form .notice at state visible</msg>
<arg>${element}</arg>
<arg>visible</arg>
<arg>5</arg>
<tag>PageContent</tag>
<tag>Wait</tag>
<doc>Waits for the element found by ``selector`` to satisfy state option.</doc>
<status status="PASS" start="2024-03-13T19:07:56.129545" elapsed="0.313463"/>
</kw>
<kw name="Get Text" owner="Browser">
<msg time="2024-03-13T19:07:56.462529" level="INFO">Text: 'Oops! O email informado é inválido'</msg>
<arg>${element}</arg>
<arg>equal</arg>
<arg>${target}</arg>
<tag>Assertion</tag>
<tag>Getter</tag>
<tag>PageContent</tag>
<doc>Returns text attribute of the element found by ``selector``.</doc>
<status status="PASS" start="2024-03-13T19:07:56.443008" elapsed="0.019521"/>
</kw>
<arg>${output_message}</arg>
<status status="PASS" start="2024-03-13T19:07:56.128545" elapsed="0.333984"/>
</kw>
<arg>emailRuim%mail.com</arg>
<arg>pwd123</arg>
<arg>Oops! O email informado é inválido</arg>
<status status="PASS" start="2024-03-13T19:07:56.014431" elapsed="0.448098"/>
</kw>
<kw name="Take Screenshot" owner="Browser" type="TEARDOWN">
<msg time="2024-03-13T19:07:56.537100" level="INFO" html="true">&lt;/td&gt;&lt;/tr&gt;&lt;tr&gt;&lt;td colspan="3"&gt;&lt;a href="browser/screenshot/robotframework-browser-screenshot-4.png" target="_blank"&gt;&lt;img src="browser/screenshot/robotframework-browser-screenshot-4.png" width="800px"/&gt;&lt;/a&gt;</msg>
<tag>PageContent</tag>
<doc>Takes a screenshot of the current window or element and saves it to disk.</doc>
<status status="PASS" start="2024-03-13T19:07:56.463564" elapsed="0.074534"/>
</kw>
<status status="PASS" start="2024-03-13T19:07:53.301238" elapsed="3.236860"/>
</test>
<doc>Cenários de testes do Login SAC</doc>
<status status="PASS" start="2024-03-13T19:07:42.877025" elapsed="13.718540"/>
</suite>
<suite id="s1-s2" name="Memberships" source="C:\azeez\QAx\SmartBit-robot\web\tests\memberships.robot">
<test id="s1-s2-t1" name="Deve poder realizar uma nova adesão" line="12">
<kw name="Start session" owner="Base" type="SETUP">
<kw name="New Browser" owner="Browser">
<msg time="2024-03-13T19:07:56.630521" level="INFO">Switching browser to browser=bbea0e46-ac9c-4dda-af70-bb3695dc0c26</msg>
<msg time="2024-03-13T19:07:56.631518" level="INFO">Successfully changed active browser: browser=bbea0e46-ac9c-4dda-af70-bb3695dc0c26</msg>
<msg time="2024-03-13T19:07:56.631518" level="INFO">Reusing existing browser with id: browser=bbea0e46-ac9c-4dda-af70-bb3695dc0c26</msg>
<arg>browser=chromium</arg>
<arg>headless=false</arg>
<tag>BrowserControl</tag>
<tag>Setter</tag>
<doc>Create a new playwright Browser with specified options.</doc>
<status status="PASS" start="2024-03-13T19:07:56.630521" elapsed="0.000997"/>
</kw>
<kw name="New Page" owner="Browser">
<msg time="2024-03-13T19:07:57.385687" level="INFO">Successfully initialized new page object and opened url: http://localhost:3000/</msg>
<msg time="2024-03-13T19:07:57.385687" level="INFO">No context was open. New context was automatically opened when this page is created.</msg>
<arg>http://localhost:3000/</arg>
<tag>BrowserControl</tag>
<tag>Setter</tag>
<doc>Open a new Page.</doc>
<status status="PASS" start="2024-03-13T19:07:56.631518" elapsed="0.754169"/>
</kw>
<status status="PASS" start="2024-03-13T19:07:56.630521" elapsed="0.755166"/>
</kw>
<kw name="Get Json fixture" owner="Base">
<kw name="Load Json From File" owner="JSONLibrary">
<msg time="2024-03-13T19:07:57.392555" level="INFO">${data} = {'create': {'account': {'name': 'Paul Walker', 'email': 'paulwalker@mail.com', 'cpf': '20456686061'}, 'plan': {'name': 'Plano Black', 'id': 2, 'price': 79.99}, 'credit_card': {'number': '4242424242424...</msg>
<var>${data}</var>
<arg>${EXECDIR}/resources/fixtures/${file_name}.json</arg>
<arg>encoding=utf-8</arg>
<doc>Load JSON from file.</doc>
<status status="PASS" start="2024-03-13T19:07:57.386611" elapsed="0.005944"/>
</kw>
<return>
<value>${data}[${scenario}]</value>
<status status="PASS" start="2024-03-13T19:07:57.392555" elapsed="0.000000"/>
</return>
<msg time="2024-03-13T19:07:57.393062" level="INFO">${data} = {'account': {'name': 'Paul Walker', 'email': 'paulwalker@mail.com', 'cpf': '20456686061'}, 'plan': {'name': 'Plano Black', 'id': 2, 'price': 79.99}, 'credit_card': {'number': '4242424242424242', 'hold...</msg>
<var>${data}</var>
<arg>memberships</arg>
<arg>create</arg>
<status status="PASS" start="2024-03-13T19:07:57.386108" elapsed="0.006954"/>
</kw>
<kw name="Delete Account By Email" owner="Database">
<arg>${data}[account][email]</arg>
<status status="PASS" start="2024-03-13T19:07:57.393062" elapsed="0.027130"/>
</kw>
<kw name="Insert Account" owner="Database">
<arg>${data}[account]</arg>
<status status="PASS" start="2024-03-13T19:07:57.421195" elapsed="0.014692"/>
</kw>
<kw name="SignIn Admin" owner="Base">
<kw name="Go to login page" owner="Login">
<kw name="Go To" owner="Browser">
<msg time="2024-03-13T19:07:57.510018" level="INFO">Successfully opened URL http://localhost:3000/login</msg>
<arg>http://localhost:3000/login</arg>
<tag>BrowserControl</tag>
<tag>Setter</tag>
<doc>Navigates to the given ``url``.</doc>
<status status="PASS" start="2024-03-13T19:07:57.436890" elapsed="0.074128"/>
</kw>
<status status="PASS" start="2024-03-13T19:07:57.436890" elapsed="0.074128"/>
</kw>
<kw name="Submit login form" owner="Login">
<kw name="Fill Text" owner="Browser">
<msg time="2024-03-13T19:07:57.512524" level="INFO">Fills the text 'sac@smartbit.com' in the given field.</msg>
<arg>css=input[name=email]</arg>
<arg>${email}</arg>
<tag>PageContent</tag>
<tag>Setter</tag>
<doc>Clears and fills the given ``txt`` into the text field found by ``selector``.</doc>
<status status="PASS" start="2024-03-13T19:07:57.511018" elapsed="0.033159"/>
</kw>
<kw name="Fill Text" owner="Browser">
<msg time="2024-03-13T19:07:57.545183" level="INFO">Fills the text 'pwd123' in the given field.</msg>
<arg>css=input[type="password"]</arg>
<arg>${pass}</arg>
<tag>PageContent</tag>
<tag>Setter</tag>
<doc>Clears and fills the given ``txt`` into the text field found by ``selector``.</doc>
<status status="PASS" start="2024-03-13T19:07:57.545183" elapsed="0.012523"/>
</kw>
<kw name="Click" owner="Browser">
<arg>css=button[type="submit"]</arg>
<tag>PageContent</tag>
<tag>Setter</tag>
<doc>Simulates mouse click on the element found by ``selector``.</doc>
<status status="PASS" start="2024-03-13T19:07:57.558710" elapsed="0.032741"/>
</kw>
<arg>${ADMIN_EMAIL}</arg>
<arg>${ADMIN_PASS}</arg>
<status status="PASS" start="2024-03-13T19:07:57.511018" elapsed="0.081941"/>
</kw>
<kw name="User is logged in" owner="Navbar">
<kw name="Set Variable" owner="BuiltIn">
<msg time="2024-03-13T19:07:57.592959" level="INFO">${element} = css=.logged-user</msg>
<var>${element}</var>
<arg>css=.logged-user</arg>
<doc>Returns the given values which can then be assigned to a variables.</doc>
<status status="PASS" start="2024-03-13T19:07:57.592959" elapsed="0.000000"/>
</kw>
<kw name="Wait For Elements State" owner="Browser">
<msg time="2024-03-13T19:07:58.936919" level="INFO">Waited for Element with selector css=.logged-user at state visible</msg>
<arg>${element}</arg>
<arg>visible</arg>
<arg>5</arg>
<tag>PageContent</tag>
<tag>Wait</tag>
<doc>Waits for the element found by ``selector`` to satisfy state option.</doc>
<status status="PASS" start="2024-03-13T19:07:57.592959" elapsed="1.344960"/>
</kw>
<kw name="Get Text" owner="Browser">
<msg time="2024-03-13T19:07:58.957654" level="INFO">Text: 'sac@smartbit.com'</msg>
<arg>${element}</arg>
<arg>equal</arg>
<arg>${email}</arg>
<tag>Assertion</tag>
<tag>Getter</tag>
<tag>PageContent</tag>
<doc>Returns text attribute of the element found by ``selector``.</doc>
<status status="PASS" start="2024-03-13T19:07:58.937919" elapsed="0.019735"/>
</kw>
<arg>${ADMIN_EMAIL}</arg>
<status status="PASS" start="2024-03-13T19:07:57.592959" elapsed="1.365695"/>
</kw>
<status status="PASS" start="2024-03-13T19:07:57.436890" elapsed="1.521764"/>
</kw>
<kw name="Go to Memberships" owner="Navbar">
<kw name="Click" owner="Browser">
<arg>css=a[href="/memberships"]</arg>
<tag>PageContent</tag>
<tag>Setter</tag>
<doc>Simulates mouse click on the element found by ``selector``.</doc>
<status status="PASS" start="2024-03-13T19:07:58.958654" elapsed="0.038301"/>
</kw>
<kw name="Wait For Elements State" owner="Browser">
<msg time="2024-03-13T19:07:59.006473" level="INFO">Waited for Element with selector css=h1 &gt;&gt; text=Matrículas at state visible</msg>
<arg>css=h1 &gt;&gt; text=Matrículas</arg>
<arg>visible</arg>
<arg>5</arg>
<tag>PageContent</tag>
<tag>Wait</tag>
<doc>Waits for the element found by ``selector`` to satisfy state option.</doc>
<status status="PASS" start="2024-03-13T19:07:58.997956" elapsed="0.008517"/>
</kw>
<status status="PASS" start="2024-03-13T19:07:58.958654" elapsed="0.048818"/>
</kw>
<kw name="Create new membership" owner="Memberships">
<kw name="Go to Memberships form" owner="Memberships">
<kw name="Click" owner="Browser">
<arg>css=a[href="/memberships/new"]</arg>
<tag>PageContent</tag>
<tag>Setter</tag>
<doc>Simulates mouse click on the element found by ``selector``.</doc>
<status status="PASS" start="2024-03-13T19:07:59.009473" elapsed="0.085732"/>
</kw>
<kw name="Wait For Elements State" owner="Browser">
<msg time="2024-03-13T19:07:59.116357" level="INFO">Waited for Element with selector css=h1 &gt;&gt; text=Nova matrícula at state visible</msg>
<arg>css=h1 &gt;&gt; text=Nova matrícula</arg>
<arg>visible</arg>
<arg>5</arg>
<tag>PageContent</tag>
<tag>Wait</tag>
<doc>Waits for the element found by ``selector`` to satisfy state option.</doc>
<status status="PASS" start="2024-03-13T19:07:59.096208" elapsed="0.021150"/>
</kw>
<status status="PASS" start="2024-03-13T19:07:59.008470" elapsed="0.108888"/>
</kw>
<kw name="Select account" owner="Memberships">
<kw name="Fill Text" owner="Browser">
<msg time="2024-03-13T19:07:59.118355" level="INFO">Fills the text 'Paul Walker' in the given field.</msg>
<arg>css=input[aria-label=select_account]</arg>
<arg>${name}</arg>
<tag>PageContent</tag>
<tag>Setter</tag>
<doc>Clears and fills the given ``txt`` into the text field found by ``selector``.</doc>
<status status="PASS" start="2024-03-13T19:07:59.117358" elapsed="0.023030"/>
</kw>
<kw name="Click" owner="Browser">
<arg>css=[data-testid="${cpf}"]</arg>
<tag>PageContent</tag>
<tag>Setter</tag>
<doc>Simulates mouse click on the element found by ``selector``.</doc>
<status status="PASS" start="2024-03-13T19:07:59.140388" elapsed="0.047133"/>
</kw>
<arg>${data}[account][name]</arg>
<arg>${data}[account][cpf]</arg>
<status status="PASS" start="2024-03-13T19:07:59.117358" elapsed="0.070163"/>
</kw>
<kw name="Select plan" owner="Memberships">
<kw name="Fill Text" owner="Browser">
<msg time="2024-03-13T19:07:59.188520" level="INFO">Fills the text 'Plano Black' in the given field.</msg>
<arg>css=input[aria-label="select_plan"]</arg>
<arg>${plan}</arg>
<tag>PageContent</tag>
<tag>Setter</tag>
<doc>Clears and fills the given ``txt`` into the text field found by ``selector``.</doc>
<status status="PASS" start="2024-03-13T19:07:59.187521" elapsed="0.020428"/>
</kw>
<kw name="Click" owner="Browser">
<arg>css=div[id*=option] &gt;&gt; text=${plan}</arg>
<tag>PageContent</tag>
<tag>Setter</tag>
<doc>Simulates mouse click on the element found by ``selector``.</doc>
<status status="PASS" start="2024-03-13T19:07:59.207949" elapsed="0.033551"/>
</kw>
<arg>${data}[plan][name]</arg>
<status status="PASS" start="2024-03-13T19:07:59.187521" elapsed="0.053979"/>
</kw>
<kw name="Fill payment card" owner="Memberships">
<kw name="Fill Text" owner="Browser">
<msg time="2024-03-13T19:07:59.242502" level="INFO">Fills the text '4242424242424242' in the given field.</msg>
<arg>css=input[name="card_number"]</arg>
<arg>${card}[number]</arg>
<tag>PageContent</tag>
<tag>Setter</tag>
<doc>Clears and fills the given ``txt`` into the text field found by ``selector``.</doc>
<status status="PASS" start="2024-03-13T19:07:59.242502" elapsed="0.018593"/>
</kw>
<kw name="Fill Text" owner="Browser">
<msg time="2024-03-13T19:07:59.262604" level="INFO">Fills the text 'Paul Walker' in the given field.</msg>
<arg>css=input[name="card_holder"]</arg>
<arg>${card}[holder]</arg>
<tag>PageContent</tag>
<tag>Setter</tag>
<doc>Clears and fills the given ``txt`` into the text field found by ``selector``.</doc>
<status status="PASS" start="2024-03-13T19:07:59.261095" elapsed="0.014566"/>
</kw>
<kw name="Fill Text" owner="Browser">
<msg time="2024-03-13T19:07:59.276663" level="INFO">Fills the text '10' in the given field.</msg>
<arg>css=input[name="card_month"]</arg>
<arg>${card}[month]</arg>
<tag>PageContent</tag>
<tag>Setter</tag>
<doc>Clears and fills the given ``txt`` into the text field found by ``selector``.</doc>
<status status="PASS" start="2024-03-13T19:07:59.275661" elapsed="0.016925"/>
</kw>
<kw name="Fill Text" owner="Browser">
<msg time="2024-03-13T19:07:59.293593" level="INFO">Fills the text '2030' in the given field.</msg>
<arg>css=input[name="card_year"]</arg>
<arg>${card}[year]</arg>
<tag>PageContent</tag>
<tag>Setter</tag>
<doc>Clears and fills the given ``txt`` into the text field found by ``selector``.</doc>
<status status="PASS" start="2024-03-13T19:07:59.292586" elapsed="0.014643"/>
</kw>
<kw name="Fill Text" owner="Browser">
<msg time="2024-03-13T19:07:59.308267" level="INFO">Fills the text '123' in the given field.</msg>
<arg>css=input[name="card_cvv"]</arg>
<arg>${card}[cvv]</arg>
<tag>PageContent</tag>
<tag>Setter</tag>
<doc>Clears and fills the given ``txt`` into the text field found by ``selector``.</doc>
<status status="PASS" start="2024-03-13T19:07:59.307746" elapsed="0.013618"/>
</kw>
<arg>${data}[credit_card]</arg>
<status status="PASS" start="2024-03-13T19:07:59.241500" elapsed="0.079864"/>
</kw>
<kw name="Click" owner="Browser">
<arg>css=button[type=submit] &gt;&gt; text=Cadastrar</arg>
<tag>PageContent</tag>
<tag>Setter</tag>
<doc>Simulates mouse click on the element found by ``selector``.</doc>
<status status="PASS" start="2024-03-13T19:07:59.321364" elapsed="0.032674"/>
</kw>
<arg>${data}</arg>
<status status="PASS" start="2024-03-13T19:07:59.008470" elapsed="0.345568"/>
</kw>
<kw name="Toast should be" owner="Toast">
<kw name="Set Variable" owner="BuiltIn">
<msg time="2024-03-13T19:07:59.355046" level="INFO">${element} = .Toastify__toast-body</msg>
<var>${element}</var>
<arg>.Toastify__toast-body</arg>
<doc>Returns the given values which can then be assigned to a variables.</doc>
<status status="PASS" start="2024-03-13T19:07:59.355046" elapsed="0.000000"/>
</kw>
<kw name="Wait For Elements State" owner="Browser">
<msg time="2024-03-13T19:07:59.448895" level="INFO">Waited for Element with selector css=.Toastify__toast-body at state visible</msg>
<arg>css=${element}</arg>
<arg>visible</arg>
<arg>5</arg>
<tag>PageContent</tag>
<tag>Wait</tag>
<doc>Waits for the element found by ``selector`` to satisfy state option.</doc>
<status status="PASS" start="2024-03-13T19:07:59.355046" elapsed="0.093849"/>
</kw>
<kw name="Get Text" owner="Browser">
<msg time="2024-03-13T19:07:59.464236" level="INFO">Text: 'Matrícula cadastrada com sucesso.'</msg>
<arg>css=${element}</arg>
<arg>equal</arg>
<arg>${expected_text}</arg>
<tag>Assertion</tag>
<tag>Getter</tag>
<tag>PageContent</tag>
<doc>Returns text attribute of the element found by ``selector``.</doc>
<status status="PASS" start="2024-03-13T19:07:59.448895" elapsed="0.015341"/>
</kw>
<kw name="Take Screenshot" owner="Browser">
<msg time="2024-03-13T19:07:59.539309" level="INFO" html="true">&lt;/td&gt;&lt;/tr&gt;&lt;tr&gt;&lt;td colspan="3"&gt;&lt;a href="browser/screenshot/css%3D.Toastify__toast-body.png" target="_blank"&gt;&lt;img src="browser/screenshot/css%3D.Toastify__toast-body.png" width="800px"/&gt;&lt;/a&gt;</msg>
<arg>css=${element}</arg>
<tag>PageContent</tag>
<doc>Takes a screenshot of the current window or element and saves it to disk.</doc>
<status status="PASS" start="2024-03-13T19:07:59.464236" elapsed="0.075073"/>
</kw>
<arg>Matrícula cadastrada com sucesso.</arg>
<status status="PASS" start="2024-03-13T19:07:59.355046" elapsed="0.184263"/>
</kw>
<kw name="Take Screenshot" owner="Browser" type="TEARDOWN">
<msg time="2024-03-13T19:07:59.619010" level="INFO" html="true">&lt;/td&gt;&lt;/tr&gt;&lt;tr&gt;&lt;td colspan="3"&gt;&lt;a href="browser/screenshot/robotframework-browser-screenshot-5.png" target="_blank"&gt;&lt;img src="browser/screenshot/robotframework-browser-screenshot-5.png" width="800px"/&gt;&lt;/a&gt;</msg>
<tag>PageContent</tag>
<doc>Takes a screenshot of the current window or element and saves it to disk.</doc>
<status status="PASS" start="2024-03-13T19:07:59.539309" elapsed="0.079701"/>
</kw>
<status status="PASS" start="2024-03-13T19:07:56.628517" elapsed="2.991589"/>
</test>
<test id="s1-s2-t2" name="Não deve realizar adesão duplicada" line="26">
<kw name="Start session" owner="Base" type="SETUP">
<kw name="New Browser" owner="Browser">
<msg time="2024-03-13T19:07:59.677697" level="INFO">Switching browser to browser=bbea0e46-ac9c-4dda-af70-bb3695dc0c26</msg>
<msg time="2024-03-13T19:07:59.679698" level="INFO">Successfully changed active browser: browser=bbea0e46-ac9c-4dda-af70-bb3695dc0c26</msg>
<msg time="2024-03-13T19:07:59.679698" level="INFO">Reusing existing browser with id: browser=bbea0e46-ac9c-4dda-af70-bb3695dc0c26</msg>
<arg>browser=chromium</arg>
<arg>headless=false</arg>
<tag>BrowserControl</tag>
<tag>Setter</tag>
<doc>Create a new playwright Browser with specified options.</doc>
<status status="PASS" start="2024-03-13T19:07:59.677697" elapsed="0.002001"/>
</kw>
<kw name="New Page" owner="Browser">
<msg time="2024-03-13T19:08:00.457145" level="INFO">Successfully initialized new page object and opened url: http://localhost:3000/</msg>
<msg time="2024-03-13T19:08:00.457145" level="INFO">No context was open. New context was automatically opened when this page is created.</msg>
<arg>http://localhost:3000/</arg>
<tag>BrowserControl</tag>
<tag>Setter</tag>
<doc>Open a new Page.</doc>
<status status="PASS" start="2024-03-13T19:07:59.679698" elapsed="0.777447"/>
</kw>
<status status="PASS" start="2024-03-13T19:07:59.677697" elapsed="0.779448"/>
</kw>
<kw name="Get Json fixture" owner="Base">
<kw name="Load Json From File" owner="JSONLibrary">
<msg time="2024-03-13T19:08:00.459142" level="INFO">${data} = {'create': {'account': {'name': 'Paul Walker', 'email': 'paulwalker@mail.com', 'cpf': '20456686061'}, 'plan': {'name': 'Plano Black', 'id': 2, 'price': 79.99}, 'credit_card': {'number': '4242424242424...</msg>
<var>${data}</var>
<arg>${EXECDIR}/resources/fixtures/${file_name}.json</arg>
<arg>encoding=utf-8</arg>
<doc>Load JSON from file.</doc>
<status status="PASS" start="2024-03-13T19:08:00.458143" elapsed="0.000999"/>
</kw>
<return>
<value>${data}[${scenario}]</value>
<status status="PASS" start="2024-03-13T19:08:00.459142" elapsed="0.000000"/>
</return>
<msg time="2024-03-13T19:08:00.459142" level="INFO">${data} = {'account': {'name': 'Brian OConner', 'email': 'brian@mail.com', 'cpf': '38270122017'}, 'plan': {'name': 'Plano Smart', 'id': 1, 'price': 99.99}, 'credit_card': {'number': '4000056655665556', 'holder'...</msg>
<var>${data}</var>
<arg>memberships</arg>
<arg>duplicate</arg>
<status status="PASS" start="2024-03-13T19:08:00.457145" elapsed="0.001997"/>
</kw>
<kw name="Insert Membership" owner="Database">
<arg>${data}</arg>
<status status="PASS" start="2024-03-13T19:08:00.459142" elapsed="0.025050"/>
</kw>
<kw name="SignIn Admin" owner="Base">
<kw name="Go to login page" owner="Login">
<kw name="Go To" owner="Browser">
<msg time="2024-03-13T19:08:00.554484" level="INFO">Successfully opened URL http://localhost:3000/login</msg>
<arg>http://localhost:3000/login</arg>
<tag>BrowserControl</tag>
<tag>Setter</tag>
<doc>Navigates to the given ``url``.</doc>
<status status="PASS" start="2024-03-13T19:08:00.485191" elapsed="0.069293"/>
</kw>
<status status="PASS" start="2024-03-13T19:08:00.485191" elapsed="0.069293"/>
</kw>
<kw name="Submit login form" owner="Login">
<kw name="Fill Text" owner="Browser">
<msg time="2024-03-13T19:08:00.555486" level="INFO">Fills the text 'sac@smartbit.com' in the given field.</msg>
<arg>css=input[name=email]</arg>
<arg>${email}</arg>
<tag>PageContent</tag>
<tag>Setter</tag>
<doc>Clears and fills the given ``txt`` into the text field found by ``selector``.</doc>
<status status="PASS" start="2024-03-13T19:08:00.555486" elapsed="0.030530"/>
</kw>
<kw name="Fill Text" owner="Browser">
<msg time="2024-03-13T19:08:00.587016" level="INFO">Fills the text 'pwd123' in the given field.</msg>
<arg>css=input[type="password"]</arg>
<arg>${pass}</arg>
<tag>PageContent</tag>
<tag>Setter</tag>
<doc>Clears and fills the given ``txt`` into the text field found by ``selector``.</doc>
<status status="PASS" start="2024-03-13T19:08:00.586016" elapsed="0.012511"/>
</kw>
<kw name="Click" owner="Browser">
<arg>css=button[type="submit"]</arg>
<tag>PageContent</tag>
<tag>Setter</tag>
<doc>Simulates mouse click on the element found by ``selector``.</doc>
<status status="PASS" start="2024-03-13T19:08:00.598527" elapsed="0.025162"/>
</kw>
<arg>${ADMIN_EMAIL}</arg>
<arg>${ADMIN_PASS}</arg>
<status status="PASS" start="2024-03-13T19:08:00.554484" elapsed="0.069205"/>
</kw>
<kw name="User is logged in" owner="Navbar">
<kw name="Set Variable" owner="BuiltIn">
<msg time="2024-03-13T19:08:00.624695" level="INFO">${element} = css=.logged-user</msg>
<var>${element}</var>
<arg>css=.logged-user</arg>
<doc>Returns the given values which can then be assigned to a variables.</doc>
<status status="PASS" start="2024-03-13T19:08:00.624695" elapsed="0.000000"/>
</kw>
<kw name="Wait For Elements State" owner="Browser">
<msg time="2024-03-13T19:08:01.973661" level="INFO">Waited for Element with selector css=.logged-user at state visible</msg>
<arg>${element}</arg>
<arg>visible</arg>
<arg>5</arg>
<tag>PageContent</tag>
<tag>Wait</tag>
<doc>Waits for the element found by ``selector`` to satisfy state option.</doc>
<status status="PASS" start="2024-03-13T19:08:00.624695" elapsed="1.348966"/>
</kw>
<kw name="Get Text" owner="Browser">
<msg time="2024-03-13T19:08:01.991172" level="INFO">Text: 'sac@smartbit.com'</msg>
<arg>${element}</arg>
<arg>equal</arg>
<arg>${email}</arg>
<tag>Assertion</tag>
<tag>Getter</tag>
<tag>PageContent</tag>
<doc>Returns text attribute of the element found by ``selector``.</doc>
<status status="PASS" start="2024-03-13T19:08:01.973661" elapsed="0.017511"/>
</kw>
<arg>${ADMIN_EMAIL}</arg>
<status status="PASS" start="2024-03-13T19:08:00.623689" elapsed="1.367483"/>
</kw>
<status status="PASS" start="2024-03-13T19:08:00.484192" elapsed="1.508485"/>
</kw>
<kw name="Go to Memberships" owner="Navbar">
<kw name="Click" owner="Browser">
<arg>css=a[href="/memberships"]</arg>
<tag>PageContent</tag>
<tag>Setter</tag>
<doc>Simulates mouse click on the element found by ``selector``.</doc>
<status status="PASS" start="2024-03-13T19:08:01.992677" elapsed="0.035090"/>
</kw>
<kw name="Wait For Elements State" owner="Browser">
<msg time="2024-03-13T19:08:02.056900" level="INFO">Waited for Element with selector css=h1 &gt;&gt; text=Matrículas at state visible</msg>
<arg>css=h1 &gt;&gt; text=Matrículas</arg>
<arg>visible</arg>
<arg>5</arg>
<tag>PageContent</tag>
<tag>Wait</tag>
<doc>Waits for the element found by ``selector`` to satisfy state option.</doc>
<status status="PASS" start="2024-03-13T19:08:02.027767" elapsed="0.029133"/>
</kw>
<status status="PASS" start="2024-03-13T19:08:01.992677" elapsed="0.065224"/>
</kw>
<kw name="Create new membership" owner="Memberships">
<kw name="Go to Memberships form" owner="Memberships">
<kw name="Click" owner="Browser">
<arg>css=a[href="/memberships/new"]</arg>
<tag>PageContent</tag>
<tag>Setter</tag>
<doc>Simulates mouse click on the element found by ``selector``.</doc>
<status status="PASS" start="2024-03-13T19:08:02.057901" elapsed="0.071849"/>
</kw>
<kw name="Wait For Elements State" owner="Browser">
<msg time="2024-03-13T19:08:02.135835" level="INFO">Waited for Element with selector css=h1 &gt;&gt; text=Nova matrícula at state visible</msg>
<arg>css=h1 &gt;&gt; text=Nova matrícula</arg>
<arg>visible</arg>
<arg>5</arg>
<tag>PageContent</tag>
<tag>Wait</tag>
<doc>Waits for the element found by ``selector`` to satisfy state option.</doc>
<status status="PASS" start="2024-03-13T19:08:02.129750" elapsed="0.006085"/>
</kw>
<status status="PASS" start="2024-03-13T19:08:02.057901" elapsed="0.077934"/>
</kw>
<kw name="Select account" owner="Memberships">
<kw name="Fill Text" owner="Browser">
<msg time="2024-03-13T19:08:02.136837" level="INFO">Fills the text 'Brian OConner' in the given field.</msg>
<arg>css=input[aria-label=select_account]</arg>
<arg>${name}</arg>
<tag>PageContent</tag>
<tag>Setter</tag>
<doc>Clears and fills the given ``txt`` into the text field found by ``selector``.</doc>
<status status="PASS" start="2024-03-13T19:08:02.136837" elapsed="0.026749"/>
</kw>
<kw name="Click" owner="Browser">
<arg>css=[data-testid="${cpf}"]</arg>
<tag>PageContent</tag>
<tag>Setter</tag>
<doc>Simulates mouse click on the element found by ``selector``.</doc>
<status status="PASS" start="2024-03-13T19:08:02.163586" elapsed="0.035830"/>
</kw>
<arg>${data}[account][name]</arg>
<arg>${data}[account][cpf]</arg>
<status status="PASS" start="2024-03-13T19:08:02.135835" elapsed="0.063581"/>
</kw>
<kw name="Select plan" owner="Memberships">
<kw name="Fill Text" owner="Browser">
<msg time="2024-03-13T19:08:02.200414" level="INFO">Fills the text 'Plano Smart' in the given field.</msg>
<arg>css=input[aria-label="select_plan"]</arg>
<arg>${plan}</arg>
<tag>PageContent</tag>
<tag>Setter</tag>
<doc>Clears and fills the given ``txt`` into the text field found by ``selector``.</doc>
<status status="PASS" start="2024-03-13T19:08:02.200414" elapsed="0.025274"/>
</kw>
<kw name="Click" owner="Browser">
<arg>css=div[id*=option] &gt;&gt; text=${plan}</arg>
<tag>PageContent</tag>
<tag>Setter</tag>
<doc>Simulates mouse click on the element found by ``selector``.</doc>
<status status="PASS" start="2024-03-13T19:08:02.226687" elapsed="0.029736"/>
</kw>
<arg>${data}[plan][name]</arg>
<status status="PASS" start="2024-03-13T19:08:02.199416" elapsed="0.057007"/>
</kw>
<kw name="Fill payment card" owner="Memberships">
<kw name="Fill Text" owner="Browser">
<msg time="2024-03-13T19:08:02.257422" level="INFO">Fills the text '4000056655665556' in the given field.</msg>
<arg>css=input[name="card_number"]</arg>
<arg>${card}[number]</arg>
<tag>PageContent</tag>
<tag>Setter</tag>
<doc>Clears and fills the given ``txt`` into the text field found by ``selector``.</doc>
<status status="PASS" start="2024-03-13T19:08:02.257422" elapsed="0.015388"/>
</kw>
<kw name="Fill Text" owner="Browser">
<msg time="2024-03-13T19:08:02.273317" level="INFO">Fills the text 'Brian O'Conner' in the given field.</msg>
<arg>css=input[name="card_holder"]</arg>
<arg>${card}[holder]</arg>
<tag>PageContent</tag>
<tag>Setter</tag>
<doc>Clears and fills the given ``txt`` into the text field found by ``selector``.</doc>
<status status="PASS" start="2024-03-13T19:08:02.272810" elapsed="0.015034"/>
</kw>
<kw name="Fill Text" owner="Browser">
<msg time="2024-03-13T19:08:02.288843" level="INFO">Fills the text '10' in the given field.</msg>
<arg>css=input[name="card_month"]</arg>
<arg>${card}[month]</arg>
<tag>PageContent</tag>
<tag>Setter</tag>
<doc>Clears and fills the given ``txt`` into the text field found by ``selector``.</doc>
<status status="PASS" start="2024-03-13T19:08:02.287844" elapsed="0.014562"/>
</kw>
<kw name="Fill Text" owner="Browser">
<msg time="2024-03-13T19:08:02.302406" level="INFO">Fills the text '2030' in the given field.</msg>
<arg>css=input[name="card_year"]</arg>
<arg>${card}[year]</arg>
<tag>PageContent</tag>
<tag>Setter</tag>
<doc>Clears and fills the given ``txt`` into the text field found by ``selector``.</doc>
<status status="PASS" start="2024-03-13T19:08:02.302406" elapsed="0.016768"/>
</kw>
<kw name="Fill Text" owner="Browser">
<msg time="2024-03-13T19:08:02.320176" level="INFO">Fills the text '123' in the given field.</msg>
<arg>css=input[name="card_cvv"]</arg>
<arg>${card}[cvv]</arg>
<tag>PageContent</tag>
<tag>Setter</tag>
<doc>Clears and fills the given ``txt`` into the text field found by ``selector``.</doc>
<status status="PASS" start="2024-03-13T19:08:02.319174" elapsed="0.013328"/>
</kw>
<arg>${data}[credit_card]</arg>
<status status="PASS" start="2024-03-13T19:08:02.256423" elapsed="0.076079"/>
</kw>
<kw name="Click" owner="Browser">
<arg>css=button[type=submit] &gt;&gt; text=Cadastrar</arg>
<tag>PageContent</tag>
<tag>Setter</tag>
<doc>Simulates mouse click on the element found by ``selector``.</doc>
<status status="PASS" start="2024-03-13T19:08:02.332502" elapsed="0.032574"/>
</kw>
<arg>${data}</arg>
<status status="PASS" start="2024-03-13T19:08:02.057901" elapsed="0.308174"/>
</kw>
<kw name="Toast should be" owner="Toast">
<kw name="Set Variable" owner="BuiltIn">
<msg time="2024-03-13T19:08:02.367077" level="INFO">${element} = .Toastify__toast-body</msg>
<var>${element}</var>
<arg>.Toastify__toast-body</arg>
<doc>Returns the given values which can then be assigned to a variables.</doc>
<status status="PASS" start="2024-03-13T19:08:02.367077" elapsed="0.000000"/>
</kw>
<kw name="Wait For Elements State" owner="Browser">
<msg time="2024-03-13T19:08:02.380590" level="INFO">Waited for Element with selector css=.Toastify__toast-body at state visible</msg>
<arg>css=${element}</arg>
<arg>visible</arg>
<arg>5</arg>
<tag>PageContent</tag>
<tag>Wait</tag>
<doc>Waits for the element found by ``selector`` to satisfy state option.</doc>
<status status="PASS" start="2024-03-13T19:08:02.367077" elapsed="0.013513"/>
</kw>
<kw name="Get Text" owner="Browser">
<msg time="2024-03-13T19:08:02.397617" level="INFO">Text: 'O usuário já possui matrícula.'</msg>
<arg>css=${element}</arg>
<arg>equal</arg>
<arg>${expected_text}</arg>
<tag>Assertion</tag>
<tag>Getter</tag>
<tag>PageContent</tag>
<doc>Returns text attribute of the element found by ``selector``.</doc>
<status status="PASS" start="2024-03-13T19:08:02.380590" elapsed="0.017027"/>
</kw>
<kw name="Take Screenshot" owner="Browser">
<msg time="2024-03-13T19:08:02.482508" level="INFO" html="true">&lt;/td&gt;&lt;/tr&gt;&lt;tr&gt;&lt;td colspan="3"&gt;&lt;a href="browser/screenshot/css%3D.Toastify__toast-body.png" target="_blank"&gt;&lt;img src="browser/screenshot/css%3D.Toastify__toast-body.png" width="800px"/&gt;&lt;/a&gt;</msg>
<arg>css=${element}</arg>
<tag>PageContent</tag>
<doc>Takes a screenshot of the current window or element and saves it to disk.</doc>
<status status="PASS" start="2024-03-13T19:08:02.397617" elapsed="0.085396"/>
</kw>
<arg>O usuário já possui matrícula.</arg>
<status status="PASS" start="2024-03-13T19:08:02.366075" elapsed="0.116938"/>
</kw>
<kw name="Take Screenshot" owner="Browser" type="TEARDOWN">
<msg time="2024-03-13T19:08:02.567396" level="INFO" html="true">&lt;/td&gt;&lt;/tr&gt;&lt;tr&gt;&lt;td colspan="3"&gt;&lt;a href="browser/screenshot/robotframework-browser-screenshot-6.png" target="_blank"&gt;&lt;img src="browser/screenshot/robotframework-browser-screenshot-6.png" width="800px"/&gt;&lt;/a&gt;</msg>
<tag>PageContent</tag>
<doc>Takes a screenshot of the current window or element and saves it to disk.</doc>
<status status="PASS" start="2024-03-13T19:08:02.485027" elapsed="0.082369"/>
</kw>
<tag>Dup</tag>
<status status="PASS" start="2024-03-13T19:07:59.674697" elapsed="2.892699"/>
</test>
<test id="s1-s2-t3" name="Deve buscar por nome" line="40">
<kw name="Start session" owner="Base" type="SETUP">
<kw name="New Browser" owner="Browser">
<msg time="2024-03-13T19:08:02.628480" level="INFO">Switching browser to browser=bbea0e46-ac9c-4dda-af70-bb3695dc0c26</msg>
<msg time="2024-03-13T19:08:02.630481" level="INFO">Successfully changed active browser: browser=bbea0e46-ac9c-4dda-af70-bb3695dc0c26</msg>
<msg time="2024-03-13T19:08:02.630481" level="INFO">Reusing existing browser with id: browser=bbea0e46-ac9c-4dda-af70-bb3695dc0c26</msg>
<arg>browser=chromium</arg>
<arg>headless=false</arg>
<tag>BrowserControl</tag>
<tag>Setter</tag>
<doc>Create a new playwright Browser with specified options.</doc>
<status status="PASS" start="2024-03-13T19:08:02.627480" elapsed="0.003001"/>
</kw>
<kw name="New Page" owner="Browser">
<msg time="2024-03-13T19:08:03.392646" level="INFO">Successfully initialized new page object and opened url: http://localhost:3000/</msg>
<msg time="2024-03-13T19:08:03.393653" level="INFO">No context was open. New context was automatically opened when this page is created.</msg>
<arg>http://localhost:3000/</arg>
<tag>BrowserControl</tag>
<tag>Setter</tag>
<doc>Open a new Page.</doc>
<status status="PASS" start="2024-03-13T19:08:02.630481" elapsed="0.763172"/>
</kw>
<status status="PASS" start="2024-03-13T19:08:02.627480" elapsed="0.766173"/>
</kw>
<kw name="Get Json fixture" owner="Base">
<kw name="Load Json From File" owner="JSONLibrary">
<msg time="2024-03-13T19:08:03.394652" level="INFO">${data} = {'create': {'account': {'name': 'Paul Walker', 'email': 'paulwalker@mail.com', 'cpf': '20456686061'}, 'plan': {'name': 'Plano Black', 'id': 2, 'price': 79.99}, 'credit_card': {'number': '4242424242424...</msg>
<var>${data}</var>
<arg>${EXECDIR}/resources/fixtures/${file_name}.json</arg>
<arg>encoding=utf-8</arg>
<doc>Load JSON from file.</doc>
<status status="PASS" start="2024-03-13T19:08:03.393653" elapsed="0.000999"/>
</kw>
<return>
<value>${data}[${scenario}]</value>
<status status="PASS" start="2024-03-13T19:08:03.394652" elapsed="0.000000"/>
</return>
<msg time="2024-03-13T19:08:03.394652" level="INFO">${data} = {'account': {'name': 'Liz Moraes', 'email': 'liz_moraes@purkyt.com', 'cpf': '05870221838'}, 'plan': {'name': 'Plano Smart', 'id': 1, 'price': 99.99}, 'credit_card': {'number': '4000056655665556', 'hol...</msg>
<var>${data}</var>
<arg>memberships</arg>
<arg>search</arg>
<status status="PASS" start="2024-03-13T19:08:03.393653" elapsed="0.000999"/>
</kw>
<kw name="Insert Membership" owner="Database">
<arg>${data}</arg>
<status status="PASS" start="2024-03-13T19:08:03.394652" elapsed="0.023950"/>
</kw>
<kw name="SignIn Admin" owner="Base">
<kw name="Go to login page" owner="Login">
<kw name="Go To" owner="Browser">
<msg time="2024-03-13T19:08:03.489904" level="INFO">Successfully opened URL http://localhost:3000/login</msg>
<arg>http://localhost:3000/login</arg>
<tag>BrowserControl</tag>
<tag>Setter</tag>
<doc>Navigates to the given ``url``.</doc>
<status status="PASS" start="2024-03-13T19:08:03.419601" elapsed="0.070303"/>
</kw>
<status status="PASS" start="2024-03-13T19:08:03.419601" elapsed="0.070303"/>
</kw>
<kw name="Submit login form" owner="Login">
<kw name="Fill Text" owner="Browser">
<msg time="2024-03-13T19:08:03.490905" level="INFO">Fills the text 'sac@smartbit.com' in the given field.</msg>
<arg>css=input[name=email]</arg>
<arg>${email}</arg>
<tag>PageContent</tag>
<tag>Setter</tag>
<doc>Clears and fills the given ``txt`` into the text field found by ``selector``.</doc>
<status status="PASS" start="2024-03-13T19:08:03.490905" elapsed="0.029990"/>
</kw>
<kw name="Fill Text" owner="Browser">
<msg time="2024-03-13T19:08:03.521897" level="INFO">Fills the text 'pwd123' in the given field.</msg>
<arg>css=input[type="password"]</arg>
<arg>${pass}</arg>
<tag>PageContent</tag>
<tag>Setter</tag>
<doc>Clears and fills the given ``txt`` into the text field found by ``selector``.</doc>
<status status="PASS" start="2024-03-13T19:08:03.521897" elapsed="0.011723"/>
</kw>
<kw name="Click" owner="Browser">
<arg>css=button[type="submit"]</arg>
<tag>PageContent</tag>
<tag>Setter</tag>
<doc>Simulates mouse click on the element found by ``selector``.</doc>
<status status="PASS" start="2024-03-13T19:08:03.534622" elapsed="0.028032"/>
</kw>
<arg>${ADMIN_EMAIL}</arg>
<arg>${ADMIN_PASS}</arg>
<status status="PASS" start="2024-03-13T19:08:03.489904" elapsed="0.074032"/>
</kw>
<kw name="User is logged in" owner="Navbar">
<kw name="Set Variable" owner="BuiltIn">
<msg time="2024-03-13T19:08:03.563936" level="INFO">${element} = css=.logged-user</msg>
<var>${element}</var>
<arg>css=.logged-user</arg>
<doc>Returns the given values which can then be assigned to a variables.</doc>
<status status="PASS" start="2024-03-13T19:08:03.563936" elapsed="0.000000"/>
</kw>
<kw name="Wait For Elements State" owner="Browser">
<msg time="2024-03-13T19:08:04.903413" level="INFO">Waited for Element with selector css=.logged-user at state visible</msg>
<arg>${element}</arg>
<arg>visible</arg>
<arg>5</arg>
<tag>PageContent</tag>
<tag>Wait</tag>
<doc>Waits for the element found by ``selector`` to satisfy state option.</doc>
<status status="PASS" start="2024-03-13T19:08:03.563936" elapsed="1.339477"/>
</kw>
<kw name="Get Text" owner="Browser">
<msg time="2024-03-13T19:08:04.921082" level="INFO">Text: 'sac@smartbit.com'</msg>
<arg>${element}</arg>
<arg>equal</arg>
<arg>${email}</arg>
<tag>Assertion</tag>
<tag>Getter</tag>
<tag>PageContent</tag>
<doc>Returns text attribute of the element found by ``selector``.</doc>
<status status="PASS" start="2024-03-13T19:08:04.904416" elapsed="0.016666"/>
</kw>
<arg>${ADMIN_EMAIL}</arg>
<status status="PASS" start="2024-03-13T19:08:03.563936" elapsed="1.357146"/>
</kw>
<status status="PASS" start="2024-03-13T19:08:03.419601" elapsed="1.502986"/>
</kw>
<kw name="Go to Memberships" owner="Navbar">
<kw name="Click" owner="Browser">
<arg>css=a[href="/memberships"]</arg>
<tag>PageContent</tag>
<tag>Setter</tag>
<doc>Simulates mouse click on the element found by ``selector``.</doc>
<status status="PASS" start="2024-03-13T19:08:04.922587" elapsed="0.032497"/>
</kw>
<kw name="Wait For Elements State" owner="Browser">
<msg time="2024-03-13T19:08:04.980569" level="INFO">Waited for Element with selector css=h1 &gt;&gt; text=Matrículas at state visible</msg>
<arg>css=h1 &gt;&gt; text=Matrículas</arg>
<arg>visible</arg>
<arg>5</arg>
<tag>PageContent</tag>
<tag>Wait</tag>
<doc>Waits for the element found by ``selector`` to satisfy state option.</doc>
<status status="PASS" start="2024-03-13T19:08:04.956084" elapsed="0.025483"/>
</kw>
<status status="PASS" start="2024-03-13T19:08:04.922587" elapsed="0.058980"/>
</kw>
<kw name="Search by name" owner="Memberships">
<kw name="Fill Text" owner="Browser">
<msg time="2024-03-13T19:08:04.982566" level="INFO">Fills the text 'Liz Moraes' in the given field.</msg>
<arg>css=input[placeholder$="nome"]</arg>
<arg>${name}</arg>
<tag>PageContent</tag>
<tag>Setter</tag>
<doc>Clears and fills the given ``txt`` into the text field found by ``selector``.</doc>
<status status="PASS" start="2024-03-13T19:08:04.981567" elapsed="0.012025"/>
</kw>
<kw name="Wait For Elements State" owner="Browser">
<msg time="2024-03-13T19:08:05.822843" level="INFO">Waited for Element with selector css= strong &gt;&gt; text=total: 1 at state visible</msg>
<arg>css= strong &gt;&gt; text=total: 1</arg>
<arg>visible</arg>
<arg>5</arg>
<tag>PageContent</tag>
<tag>Wait</tag>
<doc>Waits for the element found by ``selector`` to satisfy state option.</doc>
<status status="PASS" start="2024-03-13T19:08:04.993592" elapsed="0.829251"/>
</kw>
<arg>${data}[account][name]</arg>
<status status="PASS" start="2024-03-13T19:08:04.981567" elapsed="0.842286"/>
</kw>
<kw name="Should filter by name" owner="Memberships">
<kw name="Wait For Elements State" owner="Browser">
<msg time="2024-03-13T19:08:05.831848" level="INFO">Waited for Element with selector css=table tbody tr &gt;&gt; text=Liz Moraes at state visible</msg>
<arg>css=table tbody tr &gt;&gt; text=${name}</arg>
<arg>visible</arg>
<arg>5</arg>
<tag>PageContent</tag>
<tag>Wait</tag>
<doc>Waits for the element found by ``selector`` to satisfy state option.</doc>
<status status="PASS" start="2024-03-13T19:08:05.824850" elapsed="0.006998"/>
</kw>
<arg>${data}[account][name]</arg>
<status status="PASS" start="2024-03-13T19:08:05.823853" elapsed="0.007995"/>
</kw>
<kw name="Take Screenshot" owner="Browser" type="TEARDOWN">
<msg time="2024-03-13T19:08:05.910311" level="INFO" html="true">&lt;/td&gt;&lt;/tr&gt;&lt;tr&gt;&lt;td colspan="3"&gt;&lt;a href="browser/screenshot/robotframework-browser-screenshot-7.png" target="_blank"&gt;&lt;img src="browser/screenshot/robotframework-browser-screenshot-7.png" width="800px"/&gt;&lt;/a&gt;</msg>
<tag>PageContent</tag>
<doc>Takes a screenshot of the current window or element and saves it to disk.</doc>
<status status="PASS" start="2024-03-13T19:08:05.832849" elapsed="0.077462"/>
</kw>
<tag>search</tag>
<status status="PASS" start="2024-03-13T19:08:02.622473" elapsed="3.287838"/>
</test>
<test id="s1-s2-t4" name="Deve excluir uma matrícula" line="53">
<kw name="Start session" owner="Base" type="SETUP">
<kw name="New Browser" owner="Browser">
<msg time="2024-03-13T19:08:05.981327" level="INFO">Switching browser to browser=bbea0e46-ac9c-4dda-af70-bb3695dc0c26</msg>
<msg time="2024-03-13T19:08:05.981327" level="INFO">Successfully changed active browser: browser=bbea0e46-ac9c-4dda-af70-bb3695dc0c26</msg>
<msg time="2024-03-13T19:08:05.981327" level="INFO">Reusing existing browser with id: browser=bbea0e46-ac9c-4dda-af70-bb3695dc0c26</msg>
<arg>browser=chromium</arg>
<arg>headless=false</arg>
<tag>BrowserControl</tag>
<tag>Setter</tag>
<doc>Create a new playwright Browser with specified options.</doc>
<status status="PASS" start="2024-03-13T19:08:05.980328" elapsed="0.000999"/>
</kw>
<kw name="New Page" owner="Browser">
<msg time="2024-03-13T19:08:06.782912" level="INFO">Successfully initialized new page object and opened url: http://localhost:3000/</msg>
<msg time="2024-03-13T19:08:06.782912" level="INFO">No context was open. New context was automatically opened when this page is created.</msg>
<arg>http://localhost:3000/</arg>
<tag>BrowserControl</tag>
<tag>Setter</tag>
<doc>Open a new Page.</doc>
<status status="PASS" start="2024-03-13T19:08:05.982833" elapsed="0.800079"/>
</kw>
<status status="PASS" start="2024-03-13T19:08:05.980328" elapsed="0.802584"/>
</kw>
<kw name="Get Json fixture" owner="Base">
<kw name="Load Json From File" owner="JSONLibrary">
<msg time="2024-03-13T19:08:06.784923" level="INFO">${data} = {'create': {'account': {'name': 'Paul Walker', 'email': 'paulwalker@mail.com', 'cpf': '20456686061'}, 'plan': {'name': 'Plano Black', 'id': 2, 'price': 79.99}, 'credit_card': {'number': '4242424242424...</msg>
<var>${data}</var>
<arg>${EXECDIR}/resources/fixtures/${file_name}.json</arg>
<arg>encoding=utf-8</arg>
<doc>Load JSON from file.</doc>
<status status="PASS" start="2024-03-13T19:08:06.783918" elapsed="0.001005"/>
</kw>
<return>
<value>${data}[${scenario}]</value>
<status status="PASS" start="2024-03-13T19:08:06.784923" elapsed="0.000000"/>
</return>
<msg time="2024-03-13T19:08:06.784923" level="INFO">${data} = {'account': {'name': 'Isabelly Almeida', 'email': 'isabelly.almeida@infonet.com.br', 'cpf': '87210-282'}, 'plan': {'name': 'Plano Smart', 'id': 2, 'price': 99.99}, 'credit_card': {'number': '400005665...</msg>
<var>${data}</var>
<arg>memberships</arg>
<arg>remove</arg>
<status status="PASS" start="2024-03-13T19:08:06.783918" elapsed="0.002008"/>
</kw>
<kw name="Insert Membership" owner="Database">
<arg>${data}</arg>
<status status="PASS" start="2024-03-13T19:08:06.785926" elapsed="0.018026"/>
</kw>
<kw name="SignIn Admin" owner="Base">
<kw name="Go to login page" owner="Login">
<kw name="Go To" owner="Browser">
<msg time="2024-03-13T19:08:06.881456" level="INFO">Successfully opened URL http://localhost:3000/login</msg>
<arg>http://localhost:3000/login</arg>
<tag>BrowserControl</tag>
<tag>Setter</tag>
<doc>Navigates to the given ``url``.</doc>
<status status="PASS" start="2024-03-13T19:08:06.804951" elapsed="0.077506"/>
</kw>
<status status="PASS" start="2024-03-13T19:08:06.803952" elapsed="0.078505"/>
</kw>
<kw name="Submit login form" owner="Login">
<kw name="Fill Text" owner="Browser">
<msg time="2024-03-13T19:08:06.884495" level="INFO">Fills the text 'sac@smartbit.com' in the given field.</msg>
<arg>css=input[name=email]</arg>
<arg>${email}</arg>
<tag>PageContent</tag>
<tag>Setter</tag>
<doc>Clears and fills the given ``txt`` into the text field found by ``selector``.</doc>
<status status="PASS" start="2024-03-13T19:08:06.883496" elapsed="0.033608"/>
</kw>
<kw name="Fill Text" owner="Browser">
<msg time="2024-03-13T19:08:06.917104" level="INFO">Fills the text 'pwd123' in the given field.</msg>
<arg>css=input[type="password"]</arg>
<arg>${pass}</arg>
<tag>PageContent</tag>
<tag>Setter</tag>
<doc>Clears and fills the given ``txt`` into the text field found by ``selector``.</doc>
<status status="PASS" start="2024-03-13T19:08:06.917104" elapsed="0.013521"/>
</kw>
<kw name="Click" owner="Browser">
<arg>css=button[type="submit"]</arg>
<tag>PageContent</tag>
<tag>Setter</tag>
<doc>Simulates mouse click on the element found by ``selector``.</doc>
<status status="PASS" start="2024-03-13T19:08:06.930625" elapsed="0.032189"/>
</kw>
<arg>${ADMIN_EMAIL}</arg>
<arg>${ADMIN_PASS}</arg>
[...]
<arg>Faça seu cadastro e venha para a Smartbit!</arg>
<tag>Assertion</tag>
<tag>Getter</tag>
<tag>PageContent</tag>
<doc>Returns text attribute of the element found by ``selector``.</doc>
<status status="PASS" start="2024-03-13T19:08:13.795892" elapsed="0.010514"/>
</kw>
<kw name="Fill Text" owner="Browser">
<msg time="2024-03-13T19:08:13.807405" level="INFO">Fills the text 'Azeez Tests' in the given field.</msg>
<arg>id=name</arg>
<arg>${account}[name]</arg>
<tag>PageContent</tag>
<tag>Setter</tag>
<doc>Clears and fills the given ``txt`` into the text field found by ``selector``.</doc>
<status status="PASS" start="2024-03-13T19:08:13.807405" elapsed="0.013035"/>
</kw>
<kw name="Fill Text" owner="Browser">
<msg time="2024-03-13T19:08:13.821441" level="INFO">Fills the text '' in the given field.</msg>
<arg>id=email</arg>
<arg>${account}[email]</arg>
<tag>PageContent</tag>
<tag>Setter</tag>
<doc>Clears and fills the given ``txt`` into the text field found by ``selector``.</doc>
<status status="PASS" start="2024-03-13T19:08:13.821441" elapsed="0.011023"/>
</kw>
<kw name="Fill Text" owner="Browser">
<msg time="2024-03-13T19:08:13.833490" level="INFO">Fills the text '60521415063' in the given field.</msg>
<arg>id=cpf</arg>
<arg>${account}[cpf]</arg>
<tag>PageContent</tag>
<tag>Setter</tag>
<doc>Clears and fills the given ``txt`` into the text field found by ``selector``.</doc>
<status status="PASS" start="2024-03-13T19:08:13.832464" elapsed="0.011536"/>
</kw>
<kw name="Click" owner="Browser">
<arg>css=button &gt;&gt; text=Cadastrar</arg>
<tag>PageContent</tag>
<tag>Setter</tag>
<doc>Simulates mouse click on the element found by ``selector``.</doc>
<status status="PASS" start="2024-03-13T19:08:13.845000" elapsed="0.029595"/>
</kw>
<arg>${account}</arg>
<status status="PASS" start="2024-03-13T19:08:13.795892" elapsed="0.078703"/>
</kw>
<kw name="Notice should be" owner="BoxNotice">
<kw name="Set Variable" owner="BuiltIn">
<msg time="2024-03-13T19:08:13.875595" level="INFO">${element} = css=form .notice</msg>
<var>${element}</var>
<arg>css=form .notice</arg>
<doc>Returns the given values which can then be assigned to a variables.</doc>
<status status="PASS" start="2024-03-13T19:08:13.875595" elapsed="0.000000"/>
</kw>
<kw name="Wait For Elements State" owner="Browser">
<msg time="2024-03-13T19:08:14.188350" level="INFO">Waited for Element with selector css=form .notice at state visible</msg>
<arg>${element}</arg>
<arg>visible</arg>
<arg>5</arg>
<tag>PageContent</tag>
<tag>Wait</tag>
<doc>Waits for the element found by ``selector`` to satisfy state option.</doc>
<status status="PASS" start="2024-03-13T19:08:13.875595" elapsed="0.312755"/>
</kw>
<kw name="Get Text" owner="Browser">
<msg time="2024-03-13T19:08:14.200548" level="INFO">Text: 'Por favor, informe o seu melhor e-mail'</msg>
<arg>${element}</arg>
<arg>equal</arg>
<arg>${target}</arg>
<tag>Assertion</tag>
<tag>Getter</tag>
<tag>PageContent</tag>
<doc>Returns text attribute of the element found by ``selector``.</doc>
<status status="PASS" start="2024-03-13T19:08:14.189351" elapsed="0.012197"/>
</kw>
<arg>${output_message}</arg>
<status status="PASS" start="2024-03-13T19:08:13.874595" elapsed="0.326953"/>
</kw>
<arg>Azeez Tests</arg>
<arg>${EMPTY}</arg>
<arg>60521415063</arg>
<arg>Por favor, informe o seu melhor e-mail</arg>
<status status="PASS" start="2024-03-13T19:08:13.794892" elapsed="0.406656"/>
</kw>
<kw name="Attempt signup">
<kw name="Create Dictionary" owner="BuiltIn">
<msg time="2024-03-13T19:08:14.203051" level="INFO">${account} = {'name': 'Azeez Tests', 'email': 'azeez@mail.com', 'cpf': ''}</msg>
<var>${account}</var>
<arg>name=${name}</arg>
<arg>email=${email}</arg>
<arg>cpf=${cpf}</arg>
<doc>Creates and returns a dictionary based on the given ``items``.</doc>
<status status="PASS" start="2024-03-13T19:08:14.202546" elapsed="0.000505"/>
</kw>
<kw name="Submit signup form" owner="Landing">
<kw name="Get Text" owner="Browser">
<msg time="2024-03-13T19:08:14.212749" level="INFO">Text: 'Faça seu cadastro e venha para a Smartbit!'</msg>
<arg>css=#signup h2</arg>
<arg>equal</arg>
<arg>Faça seu cadastro e venha para a Smartbit!</arg>
<tag>Assertion</tag>
<tag>Getter</tag>
<tag>PageContent</tag>
<doc>Returns text attribute of the element found by ``selector``.</doc>
<status status="PASS" start="2024-03-13T19:08:14.203574" elapsed="0.009175"/>
</kw>
<kw name="Fill Text" owner="Browser">
<msg time="2024-03-13T19:08:14.213893" level="INFO">Fills the text 'Azeez Tests' in the given field.</msg>
<arg>id=name</arg>
<arg>${account}[name]</arg>
<tag>PageContent</tag>
<tag>Setter</tag>
<doc>Clears and fills the given ``txt`` into the text field found by ``selector``.</doc>
<status status="PASS" start="2024-03-13T19:08:14.213893" elapsed="0.010696"/>
</kw>
<kw name="Fill Text" owner="Browser">
<msg time="2024-03-13T19:08:14.224589" level="INFO">Fills the text 'azeez@mail.com' in the given field.</msg>
<arg>id=email</arg>
<arg>${account}[email]</arg>
<tag>PageContent</tag>
<tag>Setter</tag>
<doc>Clears and fills the given ``txt`` into the text field found by ``selector``.</doc>
<status status="PASS" start="2024-03-13T19:08:14.224589" elapsed="0.013520"/>
</kw>
<kw name="Fill Text" owner="Browser">
<msg time="2024-03-13T19:08:14.239108" level="INFO">Fills the text '' in the given field.</msg>
<arg>id=cpf</arg>
<arg>${account}[cpf]</arg>
<tag>PageContent</tag>
<tag>Setter</tag>
<doc>Clears and fills the given ``txt`` into the text field found by ``selector``.</doc>
<status status="PASS" start="2024-03-13T19:08:14.238109" elapsed="0.012513"/>
</kw>
<kw name="Click" owner="Browser">
<arg>css=button &gt;&gt; text=Cadastrar</arg>
<tag>PageContent</tag>
<tag>Setter</tag>
<doc>Simulates mouse click on the element found by ``selector``.</doc>
<status status="PASS" start="2024-03-13T19:08:14.250622" elapsed="0.028124"/>
</kw>
<arg>${account}</arg>
<status status="PASS" start="2024-03-13T19:08:14.203574" elapsed="0.075172"/>
</kw>
<kw name="Notice should be" owner="BoxNotice">
<kw name="Set Variable" owner="BuiltIn">
<msg time="2024-03-13T19:08:14.278746" level="INFO">${element} = css=form .notice</msg>
<var>${element}</var>
<arg>css=form .notice</arg>
<doc>Returns the given values which can then be assigned to a variables.</doc>
<status status="PASS" start="2024-03-13T19:08:14.278746" elapsed="0.000000"/>
</kw>
<kw name="Wait For Elements State" owner="Browser">
<msg time="2024-03-13T19:08:14.591156" level="INFO">Waited for Element with selector css=form .notice at state visible</msg>
<arg>${element}</arg>
<arg>visible</arg>
<arg>5</arg>
<tag>PageContent</tag>
<tag>Wait</tag>
<doc>Waits for the element found by ``selector`` to satisfy state option.</doc>
<status status="PASS" start="2024-03-13T19:08:14.278746" elapsed="0.312410"/>
</kw>
<kw name="Get Text" owner="Browser">
<msg time="2024-03-13T19:08:14.600666" level="INFO">Text: 'Por favor, informe o seu CPF'</msg>
<arg>${element}</arg>
<arg>equal</arg>
<arg>${target}</arg>
<tag>Assertion</tag>
<tag>Getter</tag>
<tag>PageContent</tag>
<doc>Returns text attribute of the element found by ``selector``.</doc>
<status status="PASS" start="2024-03-13T19:08:14.591156" elapsed="0.009510"/>
</kw>
<arg>${output_message}</arg>
<status status="PASS" start="2024-03-13T19:08:14.278746" elapsed="0.321920"/>
</kw>
<arg>Azeez Tests</arg>
<arg>azeez@mail.com</arg>
<arg>${EMPTY}</arg>
<arg>Por favor, informe o seu CPF</arg>
<status status="PASS" start="2024-03-13T19:08:14.201548" elapsed="0.399118"/>
</kw>
<kw name="Attempt signup">
<kw name="Create Dictionary" owner="BuiltIn">
<msg time="2024-03-13T19:08:14.601666" level="INFO">${account} = {'name': 'Azeez Tests', 'email': 'mail2mail.com', 'cpf': '60521415063'}</msg>
<var>${account}</var>
<arg>name=${name}</arg>
<arg>email=${email}</arg>
<arg>cpf=${cpf}</arg>
<doc>Creates and returns a dictionary based on the given ``items``.</doc>
<status status="PASS" start="2024-03-13T19:08:14.601666" elapsed="0.000000"/>
</kw>
<kw name="Submit signup form" owner="Landing">
<kw name="Get Text" owner="Browser">
<msg time="2024-03-13T19:08:14.614232" level="INFO">Text: 'Faça seu cadastro e venha para a Smartbit!'</msg>
<arg>css=#signup h2</arg>
<arg>equal</arg>
<arg>Faça seu cadastro e venha para a Smartbit!</arg>
<tag>Assertion</tag>
<tag>Getter</tag>
<tag>PageContent</tag>
<doc>Returns text attribute of the element found by ``selector``.</doc>
<status status="PASS" start="2024-03-13T19:08:14.601666" elapsed="0.012566"/>
</kw>
<kw name="Fill Text" owner="Browser">
<msg time="2024-03-13T19:08:14.615237" level="INFO">Fills the text 'Azeez Tests' in the given field.</msg>
<arg>id=name</arg>
<arg>${account}[name]</arg>
<tag>PageContent</tag>
<tag>Setter</tag>
<doc>Clears and fills the given ``txt`` into the text field found by ``selector``.</doc>
<status status="PASS" start="2024-03-13T19:08:14.614232" elapsed="0.010961"/>
</kw>
<kw name="Fill Text" owner="Browser">
<msg time="2024-03-13T19:08:14.625193" level="INFO">Fills the text 'mail2mail.com' in the given field.</msg>
<arg>id=email</arg>
<arg>${account}[email]</arg>
<tag>PageContent</tag>
<tag>Setter</tag>
<doc>Clears and fills the given ``txt`` into the text field found by ``selector``.</doc>
<status status="PASS" start="2024-03-13T19:08:14.625193" elapsed="0.010517"/>
</kw>
<kw name="Fill Text" owner="Browser">
<msg time="2024-03-13T19:08:14.636710" level="INFO">Fills the text '60521415063' in the given field.</msg>
<arg>id=cpf</arg>
<arg>${account}[cpf]</arg>
<tag>PageContent</tag>
<tag>Setter</tag>
<doc>Clears and fills the given ``txt`` into the text field found by ``selector``.</doc>
<status status="PASS" start="2024-03-13T19:08:14.636710" elapsed="0.012512"/>
</kw>
<kw name="Click" owner="Browser">
<arg>css=button &gt;&gt; text=Cadastrar</arg>
<tag>PageContent</tag>
<tag>Setter</tag>
<doc>Simulates mouse click on the element found by ``selector``.</doc>
<status status="PASS" start="2024-03-13T19:08:14.650222" elapsed="0.024137"/>
</kw>
<arg>${account}</arg>
<status status="PASS" start="2024-03-13T19:08:14.601666" elapsed="0.072693"/>
</kw>
<kw name="Notice should be" owner="BoxNotice">
<kw name="Set Variable" owner="BuiltIn">
<msg time="2024-03-13T19:08:14.675399" level="INFO">${element} = css=form .notice</msg>
<var>${element}</var>
<arg>css=form .notice</arg>
<doc>Returns the given values which can then be assigned to a variables.</doc>
<status status="PASS" start="2024-03-13T19:08:14.674879" elapsed="0.000520"/>
</kw>
<kw name="Wait For Elements State" owner="Browser">
<msg time="2024-03-13T19:08:14.997480" level="INFO">Waited for Element with selector css=form .notice at state visible</msg>
<arg>${element}</arg>
<arg>visible</arg>
<arg>5</arg>
<tag>PageContent</tag>
<tag>Wait</tag>
<doc>Waits for the element found by ``selector`` to satisfy state option.</doc>
<status status="PASS" start="2024-03-13T19:08:14.675399" elapsed="0.323082"/>
</kw>
<kw name="Get Text" owner="Browser">
<msg time="2024-03-13T19:08:15.007582" level="INFO">Text: 'Oops! O email informado é inválido'</msg>
<arg>${element}</arg>
<arg>equal</arg>
<arg>${target}</arg>
<tag>Assertion</tag>
<tag>Getter</tag>
<tag>PageContent</tag>
<doc>Returns text attribute of the element found by ``selector``.</doc>
<status status="PASS" start="2024-03-13T19:08:14.998481" elapsed="0.009101"/>
</kw>
<arg>${output_message}</arg>
<status status="PASS" start="2024-03-13T19:08:14.674879" elapsed="0.332703"/>
</kw>
<arg>Azeez Tests</arg>
<arg>mail2mail.com</arg>
<arg>60521415063</arg>
<arg>Oops! O email informado é inválido</arg>
<status status="PASS" start="2024-03-13T19:08:14.600666" elapsed="0.406916"/>
</kw>
<kw name="Attempt signup">
<kw name="Create Dictionary" owner="BuiltIn">
<msg time="2024-03-13T19:08:15.008579" level="INFO">${account} = {'name': 'Azeez Tests', 'email': 'mail@mail.com', 'cpf': '12345678912'}</msg>
<var>${account}</var>
<arg>name=${name}</arg>
<arg>email=${email}</arg>
<arg>cpf=${cpf}</arg>
<doc>Creates and returns a dictionary based on the given ``items``.</doc>
<status status="PASS" start="2024-03-13T19:08:15.008579" elapsed="0.000000"/>
</kw>
<kw name="Submit signup form" owner="Landing">
<kw name="Get Text" owner="Browser">
<msg time="2024-03-13T19:08:15.019052" level="INFO">Text: 'Faça seu cadastro e venha para a Smartbit!'</msg>
<arg>css=#signup h2</arg>
<arg>equal</arg>
<arg>Faça seu cadastro e venha para a Smartbit!</arg>
<tag>Assertion</tag>
<tag>Getter</tag>
<tag>PageContent</tag>
<doc>Returns text attribute of the element found by ``selector``.</doc>
<status status="PASS" start="2024-03-13T19:08:15.008579" elapsed="0.010473"/>
</kw>
<kw name="Fill Text" owner="Browser">
<msg time="2024-03-13T19:08:15.020053" level="INFO">Fills the text 'Azeez Tests' in the given field.</msg>
<arg>id=name</arg>
<arg>${account}[name]</arg>
<tag>PageContent</tag>
<tag>Setter</tag>
<doc>Clears and fills the given ``txt`` into the text field found by ``selector``.</doc>
<status status="PASS" start="2024-03-13T19:08:15.019052" elapsed="0.012523"/>
</kw>
<kw name="Fill Text" owner="Browser">
<msg time="2024-03-13T19:08:15.032579" level="INFO">Fills the text 'mail@mail.com' in the given field.</msg>
<arg>id=email</arg>
<arg>${account}[email]</arg>
<tag>PageContent</tag>
<tag>Setter</tag>
<doc>Clears and fills the given ``txt`` into the text field found by ``selector``.</doc>
<status status="PASS" start="2024-03-13T19:08:15.032579" elapsed="0.011038"/>
</kw>
<kw name="Fill Text" owner="Browser">
<msg time="2024-03-13T19:08:15.044618" level="INFO">Fills the text '12345678912' in the given field.</msg>
<arg>id=cpf</arg>
<arg>${account}[cpf]</arg>
<tag>PageContent</tag>
<tag>Setter</tag>
<doc>Clears and fills the given ``txt`` into the text field found by ``selector``.</doc>
<status status="PASS" start="2024-03-13T19:08:15.043617" elapsed="0.012142"/>
</kw>
<kw name="Click" owner="Browser">
<arg>css=button &gt;&gt; text=Cadastrar</arg>
<tag>PageContent</tag>
<tag>Setter</tag>
<doc>Simulates mouse click on the element found by ``selector``.</doc>
<status status="PASS" start="2024-03-13T19:08:15.055759" elapsed="0.029699"/>
</kw>
<arg>${account}</arg>
<status status="PASS" start="2024-03-13T19:08:15.008579" elapsed="0.076879"/>
</kw>
<kw name="Notice should be" owner="BoxNotice">
<kw name="Set Variable" owner="BuiltIn">
<msg time="2024-03-13T19:08:15.086460" level="INFO">${element} = css=form .notice</msg>
<var>${element}</var>
<arg>css=form .notice</arg>
<doc>Returns the given values which can then be assigned to a variables.</doc>
<status status="PASS" start="2024-03-13T19:08:15.086460" elapsed="0.000000"/>
</kw>
<kw name="Wait For Elements State" owner="Browser">
<msg time="2024-03-13T19:08:15.404708" level="INFO">Waited for Element with selector css=form .notice at state visible</msg>
<arg>${element}</arg>
<arg>visible</arg>
<arg>5</arg>
<tag>PageContent</tag>
<tag>Wait</tag>
<doc>Waits for the element found by ``selector`` to satisfy state option.</doc>
<status status="PASS" start="2024-03-13T19:08:15.086460" elapsed="0.318248"/>
</kw>
<kw name="Get Text" owner="Browser">
<msg time="2024-03-13T19:08:15.413741" level="INFO">Text: 'Oops! O CPF informado é inválido'</msg>
<arg>${element}</arg>
<arg>equal</arg>
<arg>${target}</arg>
<tag>Assertion</tag>
<tag>Getter</tag>
<tag>PageContent</tag>
<doc>Returns text attribute of the element found by ``selector``.</doc>
<status status="PASS" start="2024-03-13T19:08:15.404708" elapsed="0.009033"/>
</kw>
<arg>${output_message}</arg>
<status status="PASS" start="2024-03-13T19:08:15.086460" elapsed="0.327281"/>
</kw>
<arg>Azeez Tests</arg>
<arg>mail@mail.com</arg>
<arg>12345678912</arg>
<arg>Oops! O CPF informado é inválido</arg>
<status status="PASS" start="2024-03-13T19:08:15.008579" elapsed="0.405162"/>
</kw>
<kw name="Take Screenshot" owner="Browser" type="TEARDOWN">
<msg time="2024-03-13T19:08:15.499944" level="INFO" html="true">&lt;/td&gt;&lt;/tr&gt;&lt;tr&gt;&lt;td colspan="3"&gt;&lt;a href="browser/screenshot/robotframework-browser-screenshot-10.png" target="_blank"&gt;&lt;img src="browser/screenshot/robotframework-browser-screenshot-10.png" width="800px"/&gt;&lt;/a&gt;</msg>
<tag>PageContent</tag>
<doc>Takes a screenshot of the current window or element and saves it to disk.</doc>
<status status="PASS" start="2024-03-13T19:08:15.414740" elapsed="0.085204"/>
</kw>
<status status="PASS" start="2024-03-13T19:08:12.595727" elapsed="2.904217"/>
</test>
<doc>Cenários de testes de pré-cadastro de clientes</doc>
<status status="PASS" start="2024-03-13T19:08:09.076111" elapsed="6.481425"/>
</suite>
<suite id="s1-s4" name="Slogan" source="C:\azeez\QAx\SmartBit-robot\web\tests\slogan.robot">
<test id="s1-s4-t1" name="Deve exibir o Slogan na Landing Page" line="8">
<kw name="New Browser" owner="Browser">
<msg time="2024-03-13T19:08:15.576587" level="INFO">Switching browser to browser=bbea0e46-ac9c-4dda-af70-bb3695dc0c26</msg>
<msg time="2024-03-13T19:08:15.578589" level="INFO">Successfully changed active browser: browser=bbea0e46-ac9c-4dda-af70-bb3695dc0c26</msg>
<msg time="2024-03-13T19:08:15.579588" level="INFO">Reusing existing browser with id: browser=bbea0e46-ac9c-4dda-af70-bb3695dc0c26</msg>
<arg>browser=chromium</arg>
<arg>headless=false</arg>
<tag>BrowserControl</tag>
<tag>Setter</tag>
<doc>Create a new playwright Browser with specified options.</doc>
<status status="PASS" start="2024-03-13T19:08:15.575588" elapsed="0.004000"/>
</kw>
<kw name="New Page" owner="Browser">
<msg time="2024-03-13T19:08:16.366622" level="INFO">Successfully initialized new page object and opened url: http://localhost:3000/</msg>
<msg time="2024-03-13T19:08:16.366622" level="INFO">No context was open. New context was automatically opened when this page is created.</msg>
<arg>http://localhost:3000/</arg>
<tag>BrowserControl</tag>
<tag>Setter</tag>
<doc>Open a new Page.</doc>
<status status="PASS" start="2024-03-13T19:08:15.579588" elapsed="0.788035"/>
</kw>
<kw name="Get Text" owner="Browser">
<msg time="2024-03-13T19:08:16.408111" level="INFO">Text: 'Sua Jornada Fitness Começa aqui!'</msg>
<arg>css=.headline h2</arg>
<arg>equal</arg>
<arg>Sua Jornada Fitness Começa aqui!</arg>
<tag>Assertion</tag>
<tag>Getter</tag>
<tag>PageContent</tag>
<doc>Returns text attribute of the element found by ``selector``.</doc>
<status status="PASS" start="2024-03-13T19:08:16.367623" elapsed="0.040488"/>
</kw>
<kw name="Sleep" owner="BuiltIn">
<msg time="2024-03-13T19:08:21.409556" level="INFO">Slept 5 seconds.</msg>
<arg>5</arg>
<doc>Pauses the test executed for the given time.</doc>
<status status="PASS" start="2024-03-13T19:08:16.408111" elapsed="5.001445"/>
</kw>
<status status="PASS" start="2024-03-13T19:08:15.572650" elapsed="5.836906"/>
</test>
<doc>Teste para verificar o Slogan da Smartbit</doc>
<status status="PASS" start="2024-03-13T19:08:15.565055" elapsed="5.897611"/>
</suite>
<status status="PASS" start="2024-03-13T19:07:42.857601" elapsed="38.610122"/>
</suite>
<statistics>
<total>
<stat pass="11" fail="0" skip="0">All Tests</stat>
</total>
<tag>
<stat pass="1" fail="0" skip="0">404email</stat>
<stat pass="1" fail="0" skip="0">Dup</stat>
<stat pass="1" fail="0" skip="0">inv_pass</stat>
<stat pass="1" fail="0" skip="0">remove</stat>
<stat pass="1" fail="0" skip="0">search</stat>
<stat pass="1" fail="0" skip="0">smoke</stat>
</tag>
<suite>
<stat pass="11" fail="0" skip="0" id="s1" name="Tests">Tests</stat>
<stat pass="4" fail="0" skip="0" id="s1-s1" name="Login">Tests.Login</stat>
<stat pass="4" fail="0" skip="0" id="s1-s2" name="Memberships">Tests.Memberships</stat>
<stat pass="2" fail="0" skip="0" id="s1-s3" name="Signup">Tests.Signup</stat>
<stat pass="1" fail="0" skip="0" id="s1-s4" name="Slogan">Tests.Slogan</stat>
</suite>
</statistics>
<errors>
<msg time="2024-03-13T19:07:42.887545" level="WARN">Error in file 'C:\azeez\QAx\SmartBit-robot\web\resources\Base.resource' on line 37: The '[Return]' setting is deprecated. Use the 'RETURN' statement instead.</msg>
</errors>
</robot>
